{"meta": {"format": 3, "version": "7.12.0", "timestamp": "2025-12-08T19:45:57.175989", "branch_coverage": false, "show_contexts": false}, "files": {"optimization/__init__.py": {"executed_lines": [1, 20, 21, 22, 23, 24, 29, 35, 40, 45, 54, 55, 62, 66, 80], "summary": {"covered_lines": 14, "num_statements": 14, "percent_covered": 100.0, "percent_covered_display": "100", "missing_lines": 0, "excluded_lines": 0, "percent_statements_covered": 100.0, "percent_statements_covered_display": "100"}, "missing_lines": [], "excluded_lines": [], "functions": {"": {"executed_lines": [1, 20, 21, 22, 23, 24, 29, 35, 40, 45, 54, 55, 62, 66, 80], "summary": {"covered_lines": 14, "num_statements": 14, "percent_covered": 100.0, "percent_covered_display": "100", "missing_lines": 0, "excluded_lines": 0, "percent_statements_covered": 100.0, "percent_statements_covered_display": "100"}, "missing_lines": [], "excluded_lines": []}}, "classes": {"": {"executed_lines": [1, 20, 21, 22, 23, 24, 29, 35, 40, 45, 54, 55, 62, 66, 80], "summary": {"covered_lines": 14, "num_statements": 14, "percent_covered": 100.0, "percent_covered_display": "100", "missing_lines": 0, "excluded_lines": 0, "percent_statements_covered": 100.0, "percent_statements_covered_display": "100"}, "missing_lines": [], "excluded_lines": []}}}, "optimization/compression/__init__.py": {"executed_lines": [1, 33, 35, 41, 45, 46, 48, 64, 67, 70, 71, 72], "summary": {"covered_lines": 11, "num_statements": 11, "percent_covered": 100.0, "percent_covered_display": "100", "missing_lines": 0, "excluded_lines": 0, "percent_statements_covered": 100.0, "percent_statements_covered_display": "100"}, "missing_lines": [], "excluded_lines": [], "functions": {"get_acon_compressor": {"executed_lines": [70, 71, 72], "summary": {"covered_lines": 3, "num_statements": 3, "percent_covered": 100.0, "percent_covered_display": "100", "missing_lines": 0, "excluded_lines": 0, "percent_statements_covered": 100.0, "percent_statements_covered_display": "100"}, "missing_lines": [], "excluded_lines": []}, "": {"executed_lines": [1, 33, 35, 41, 45, 46, 48, 64, 67], "summary": {"covered_lines": 8, "num_statements": 8, "percent_covered": 100.0, "percent_covered_display": "100", "missing_lines": 0, "excluded_lines": 0, "percent_statements_covered": 100.0, "percent_statements_covered_display": "100"}, "missing_lines": [], "excluded_lines": []}}, "classes": {"": {"executed_lines": [1, 33, 35, 41, 45, 46, 48, 64, 67, 70, 71, 72], "summary": {"covered_lines": 11, "num_statements": 11, "percent_covered": 100.0, "percent_covered_display": "100", "missing_lines": 0, "excluded_lines": 0, "percent_statements_covered": 100.0, "percent_statements_covered_display": "100"}, "missing_lines": [], "excluded_lines": []}}}, "optimization/compression/algorithms.py": {"executed_lines": [1, 7, 8, 10, 13, 14, 16, 17, 19, 21, 23, 29, 30, 32, 33, 36, 39, 45, 46, 49, 51, 52, 53, 54, 57, 58, 59, 60, 62, 64, 70, 71, 73, 75, 78, 80, 81, 85, 87, 88, 89, 90, 92], "summary": {"covered_lines": 41, "num_statements": 41, "percent_covered": 100.0, "percent_covered_display": "100", "missing_lines": 0, "excluded_lines": 0, "percent_statements_covered": 100.0, "percent_statements_covered_display": "100"}, "missing_lines": [], "excluded_lines": [], "functions": {"ChunkCompressor.__init__": {"executed_lines": [17], "summary": {"covered_lines": 1, "num_statements": 1, "percent_covered": 100.0, "percent_covered_display": "100", "missing_lines": 0, "excluded_lines": 0, "percent_statements_covered": 100.0, "percent_statements_covered_display": "100"}, "missing_lines": [], "excluded_lines": []}, "ChunkCompressor.estimate_tokens": {"executed_lines": [21], "summary": {"covered_lines": 1, "num_statements": 1, "percent_covered": 100.0, "percent_covered_display": "100", "missing_lines": 0, "excluded_lines": 0, "percent_statements_covered": 100.0, "percent_statements_covered_display": "100"}, "missing_lines": [], "excluded_lines": []}, "ChunkCompressor.compress_chunk": {"executed_lines": [29, 30, 32, 33, 36, 39, 45, 46, 49, 51, 52, 53, 54, 57, 58, 59, 60, 62], "summary": {"covered_lines": 18, "num_statements": 18, "percent_covered": 100.0, "percent_covered_display": "100", "missing_lines": 0, "excluded_lines": 0, "percent_statements_covered": 100.0, "percent_statements_covered_display": "100"}, "missing_lines": [], "excluded_lines": []}, "ChunkCompressor.summarize_chunk": {"executed_lines": [70, 71, 73, 75, 78, 80, 81, 85, 87, 88, 89, 90, 92], "summary": {"covered_lines": 13, "num_statements": 13, "percent_covered": 100.0, "percent_covered_display": "100", "missing_lines": 0, "excluded_lines": 0, "percent_statements_covered": 100.0, "percent_statements_covered_display": "100"}, "missing_lines": [], "excluded_lines": []}, "": {"executed_lines": [1, 7, 8, 10, 13, 14, 16, 19, 23, 64], "summary": {"covered_lines": 8, "num_statements": 8, "percent_covered": 100.0, "percent_covered_display": "100", "missing_lines": 0, "excluded_lines": 0, "percent_statements_covered": 100.0, "percent_statements_covered_display": "100"}, "missing_lines": [], "excluded_lines": []}}, "classes": {"ChunkCompressor": {"executed_lines": [17, 21, 29, 30, 32, 33, 36, 39, 45, 46, 49, 51, 52, 53, 54, 57, 58, 59, 60, 62, 70, 71, 73, 75, 78, 80, 81, 85, 87, 88, 89, 90, 92], "summary": {"covered_lines": 33, "num_statements": 33, "percent_covered": 100.0, "percent_covered_display": "100", "missing_lines": 0, "excluded_lines": 0, "percent_statements_covered": 100.0, "percent_statements_covered_display": "100"}, "missing_lines": [], "excluded_lines": []}, "": {"executed_lines": [1, 7, 8, 10, 13, 14, 16, 19, 23, 64], "summary": {"covered_lines": 8, "num_statements": 8, "percent_covered": 100.0, "percent_covered_display": "100", "missing_lines": 0, "excluded_lines": 0, "percent_statements_covered": 100.0, "percent_statements_covered_display": "100"}, "missing_lines": [], "excluded_lines": []}}}, "optimization/compression/compressor.py": {"executed_lines": [1, 7, 8, 9, 10, 11, 12, 14, 20, 21, 23, 26, 27, 29, 30, 32, 33, 41, 42, 67, 68, 69, 70, 71, 72, 74, 76, 78, 79, 80, 81, 82, 83, 84, 85, 87, 89, 91, 92, 94, 99, 101, 102, 103, 106, 119, 126, 128, 130, 147, 149, 153, 154, 155, 158, 159, 162, 165, 168, 171, 172, 175, 176, 178, 179, 181, 183, 184, 186, 189, 195, 196, 199, 202, 203, 206, 207, 212, 221, 223, 228, 230, 235, 237, 242, 243, 244, 246, 247, 248, 249, 250, 251, 252, 255, 256, 257, 261, 262, 264, 266, 267, 272], "summary": {"covered_lines": 100, "num_statements": 109, "percent_covered": 91.74311926605505, "percent_covered_display": "92", "missing_lines": 9, "excluded_lines": 0, "percent_statements_covered": 91.74311926605505, "percent_statements_covered_display": "92"}, "missing_lines": [108, 109, 110, 117, 193, 225, 226, 227, 253], "excluded_lines": [], "functions": {"ContextCompressor.__init__": {"executed_lines": [30], "summary": {"covered_lines": 1, "num_statements": 1, "percent_covered": 100.0, "percent_covered_display": "100", "missing_lines": 0, "excluded_lines": 0, "percent_statements_covered": 100.0, "percent_statements_covered_display": "100"}, "missing_lines": [], "excluded_lines": []}, "ContextCompressor.compress": {"executed_lines": [], "summary": {"covered_lines": 0, "num_statements": 0, "percent_covered": 100.0, "percent_covered_display": "100", "missing_lines": 0, "excluded_lines": 0, "percent_statements_covered": 100.0, "percent_statements_covered_display": "100"}, "missing_lines": [], "excluded_lines": []}, "ACONCompressor.__init__": {"executed_lines": [68, 69, 70, 71, 72], "summary": {"covered_lines": 5, "num_statements": 5, "percent_covered": 100.0, "percent_covered_display": "100", "missing_lines": 0, "excluded_lines": 0, "percent_statements_covered": 100.0, "percent_statements_covered_display": "100"}, "missing_lines": [], "excluded_lines": []}, "ACONCompressor._get_content_type": {"executed_lines": [76, 78, 79, 80, 81, 82, 83, 84, 85, 87], "summary": {"covered_lines": 10, "num_statements": 10, "percent_covered": 100.0, "percent_covered_display": "100", "missing_lines": 0, "excluded_lines": 0, "percent_statements_covered": 100.0, "percent_statements_covered_display": "100"}, "missing_lines": [], "excluded_lines": []}, "ACONCompressor._generate_chunk_id": {"executed_lines": [91, 92], "summary": {"covered_lines": 2, "num_statements": 2, "percent_covered": 100.0, "percent_covered_display": "100", "missing_lines": 0, "excluded_lines": 0, "percent_statements_covered": 100.0, "percent_statements_covered_display": "100"}, "missing_lines": [], "excluded_lines": []}, "ACONCompressor._segment_content": {"executed_lines": [99, 101, 102, 103, 106, 119, 126, 128], "summary": {"covered_lines": 8, "num_statements": 12, "percent_covered": 66.66666666666667, "percent_covered_display": "67", "missing_lines": 4, "excluded_lines": 0, "percent_statements_covered": 66.66666666666667, "percent_statements_covered_display": "67"}, "missing_lines": [108, 109, 110, 117], "excluded_lines": []}, "ACONCompressor.compress": {"executed_lines": [147, 149, 153, 154, 155, 158, 159, 162, 165, 168, 171, 172, 175, 176, 178, 179, 181, 183, 184, 186, 189, 195, 196, 199, 202, 203, 206, 207, 212, 221, 223, 228, 230, 235], "summary": {"covered_lines": 34, "num_statements": 38, "percent_covered": 89.47368421052632, "percent_covered_display": "89", "missing_lines": 4, "excluded_lines": 0, "percent_statements_covered": 89.47368421052632, "percent_statements_covered_display": "89"}, "missing_lines": [193, 225, 226, 227], "excluded_lines": []}, "ACONCompressor.decompress_for_display": {"executed_lines": [242, 243, 244, 246, 247, 248, 249, 250, 251, 252, 255, 256, 257, 261, 262, 264, 266, 267, 272], "summary": {"covered_lines": 19, "num_statements": 20, "percent_covered": 95.0, "percent_covered_display": "95", "missing_lines": 1, "excluded_lines": 0, "percent_statements_covered": 95.0, "percent_statements_covered_display": "95"}, "missing_lines": [253], "excluded_lines": []}, "": {"executed_lines": [1, 7, 8, 9, 10, 11, 12, 14, 20, 21, 23, 26, 27, 29, 32, 33, 41, 42, 67, 74, 89, 94, 130, 237], "summary": {"covered_lines": 21, "num_statements": 21, "percent_covered": 100.0, "percent_covered_display": "100", "missing_lines": 0, "excluded_lines": 0, "percent_statements_covered": 100.0, "percent_statements_covered_display": "100"}, "missing_lines": [], "excluded_lines": []}}, "classes": {"ContextCompressor": {"executed_lines": [30], "summary": {"covered_lines": 1, "num_statements": 1, "percent_covered": 100.0, "percent_covered_display": "100", "missing_lines": 0, "excluded_lines": 0, "percent_statements_covered": 100.0, "percent_statements_covered_display": "100"}, "missing_lines": [], "excluded_lines": []}, "ACONCompressor": {"executed_lines": [68, 69, 70, 71, 72, 76, 78, 79, 80, 81, 82, 83, 84, 85, 87, 91, 92, 99, 101, 102, 103, 106, 119, 126, 128, 147, 149, 153, 154, 155, 158, 159, 162, 165, 168, 171, 172, 175, 176, 178, 179, 181, 183, 184, 186, 189, 195, 196, 199, 202, 203, 206, 207, 212, 221, 223, 228, 230, 235, 242, 243, 244, 246, 247, 248, 249, 250, 251, 252, 255, 256, 257, 261, 262, 264, 266, 267, 272], "summary": {"covered_lines": 78, "num_statements": 87, "percent_covered": 89.65517241379311, "percent_covered_display": "90", "missing_lines": 9, "excluded_lines": 0, "percent_statements_covered": 89.65517241379311, "percent_statements_covered_display": "90"}, "missing_lines": [108, 109, 110, 117, 193, 225, 226, 227, 253], "excluded_lines": []}, "": {"executed_lines": [1, 7, 8, 9, 10, 11, 12, 14, 20, 21, 23, 26, 27, 29, 32, 33, 41, 42, 67, 74, 89, 94, 130, 237], "summary": {"covered_lines": 21, "num_statements": 21, "percent_covered": 100.0, "percent_covered_display": "100", "missing_lines": 0, "excluded_lines": 0, "percent_statements_covered": 100.0, "percent_statements_covered_display": "100"}, "missing_lines": [], "excluded_lines": []}}}, "optimization/compression/scoring.py": {"executed_lines": [1, 8, 10, 13, 14, 16, 17, 19, 25, 27, 32, 35, 36, 37, 40, 41, 42, 45, 49, 51, 54, 55, 57, 58, 60, 61, 64], "summary": {"covered_lines": 25, "num_statements": 25, "percent_covered": 100.0, "percent_covered_display": "100", "missing_lines": 0, "excluded_lines": 0, "percent_statements_covered": 100.0, "percent_statements_covered_display": "100"}, "missing_lines": [], "excluded_lines": [], "functions": {"ImportanceScorer.__init__": {"executed_lines": [17], "summary": {"covered_lines": 1, "num_statements": 1, "percent_covered": 100.0, "percent_covered_display": "100", "missing_lines": 0, "excluded_lines": 0, "percent_statements_covered": 100.0, "percent_statements_covered_display": "100"}, "missing_lines": [], "excluded_lines": []}, "ImportanceScorer.score_chunks": {"executed_lines": [25, 27, 32, 35, 36, 37, 40, 41, 42, 45, 49], "summary": {"covered_lines": 11, "num_statements": 11, "percent_covered": 100.0, "percent_covered_display": "100", "missing_lines": 0, "excluded_lines": 0, "percent_statements_covered": 100.0, "percent_statements_covered_display": "100"}, "missing_lines": [], "excluded_lines": []}, "ImportanceScorer._compute_relevance": {"executed_lines": [54, 55, 57, 58, 60, 61, 64], "summary": {"covered_lines": 7, "num_statements": 7, "percent_covered": 100.0, "percent_covered_display": "100", "missing_lines": 0, "excluded_lines": 0, "percent_statements_covered": 100.0, "percent_statements_covered_display": "100"}, "missing_lines": [], "excluded_lines": []}, "": {"executed_lines": [1, 8, 10, 13, 14, 16, 19, 51], "summary": {"covered_lines": 6, "num_statements": 6, "percent_covered": 100.0, "percent_covered_display": "100", "missing_lines": 0, "excluded_lines": 0, "percent_statements_covered": 100.0, "percent_statements_covered_display": "100"}, "missing_lines": [], "excluded_lines": []}}, "classes": {"ImportanceScorer": {"executed_lines": [17, 25, 27, 32, 35, 36, 37, 40, 41, 42, 45, 49, 54, 55, 57, 58, 60, 61, 64], "summary": {"covered_lines": 19, "num_statements": 19, "percent_covered": 100.0, "percent_covered_display": "100", "missing_lines": 0, "excluded_lines": 0, "percent_statements_covered": 100.0, "percent_statements_covered_display": "100"}, "missing_lines": [], "excluded_lines": []}, "": {"executed_lines": [1, 8, 10, 13, 14, 16, 19, 51], "summary": {"covered_lines": 6, "num_statements": 6, "percent_covered": 100.0, "percent_covered_display": "100", "missing_lines": 0, "excluded_lines": 0, "percent_statements_covered": 100.0, "percent_statements_covered_display": "100"}, "missing_lines": [], "excluded_lines": []}}}, "optimization/compression/types.py": {"executed_lines": [1, 7, 8, 9, 12, 13, 14, 15, 16, 17, 18, 19, 20, 23, 24, 25, 28, 29, 30, 33, 46, 47, 50, 51, 54, 55, 58, 59, 60, 63, 64, 65, 67, 68, 69, 70, 71, 72, 73, 74, 76, 77, 86, 87, 88, 90, 91, 92, 93, 94, 95, 97, 98, 102, 103], "summary": {"covered_lines": 50, "num_statements": 57, "percent_covered": 87.71929824561404, "percent_covered_display": "88", "missing_lines": 7, "excluded_lines": 0, "percent_statements_covered": 87.71929824561404, "percent_statements_covered_display": "88"}, "missing_lines": [79, 80, 81, 82, 83, 100, 105], "excluded_lines": [], "functions": {"ContentChunk.compression_ratio": {"executed_lines": [], "summary": {"covered_lines": 0, "num_statements": 5, "percent_covered": 0.0, "percent_covered_display": "0", "missing_lines": 5, "excluded_lines": 0, "percent_statements_covered": 0.0, "percent_statements_covered_display": "0"}, "missing_lines": [79, 80, 81, 82, 83], "excluded_lines": []}, "CompressionResult.tokens_saved": {"executed_lines": [], "summary": {"covered_lines": 0, "num_statements": 1, "percent_covered": 0.0, "percent_covered_display": "0", "missing_lines": 1, "excluded_lines": 0, "percent_statements_covered": 0.0, "percent_statements_covered_display": "0"}, "missing_lines": [100], "excluded_lines": []}, "CompressionResult.cost_savings_estimate": {"executed_lines": [], "summary": {"covered_lines": 0, "num_statements": 1, "percent_covered": 0.0, "percent_covered_display": "0", "missing_lines": 1, "excluded_lines": 0, "percent_statements_covered": 0.0, "percent_statements_covered_display": "0"}, "missing_lines": [105], "excluded_lines": []}, "": {"executed_lines": [1, 7, 8, 9, 12, 13, 14, 15, 16, 17, 18, 19, 20, 23, 24, 25, 28, 29, 30, 33, 46, 47, 50, 51, 54, 55, 58, 59, 60, 63, 64, 65, 67, 68, 69, 70, 71, 72, 73, 74, 76, 77, 86, 87, 88, 90, 91, 92, 93, 94, 95, 97, 98, 102, 103], "summary": {"covered_lines": 50, "num_statements": 50, "percent_covered": 100.0, "percent_covered_display": "100", "missing_lines": 0, "excluded_lines": 0, "percent_statements_covered": 100.0, "percent_statements_covered_display": "100"}, "missing_lines": [], "excluded_lines": []}}, "classes": {"ContentType": {"executed_lines": [], "summary": {"covered_lines": 0, "num_statements": 0, "percent_covered": 100.0, "percent_covered_display": "100", "missing_lines": 0, "excluded_lines": 0, "percent_statements_covered": 100.0, "percent_statements_covered_display": "100"}, "missing_lines": [], "excluded_lines": []}, "CompressionConfig": {"executed_lines": [], "summary": {"covered_lines": 0, "num_statements": 0, "percent_covered": 100.0, "percent_covered_display": "100", "missing_lines": 0, "excluded_lines": 0, "percent_statements_covered": 100.0, "percent_statements_covered_display": "100"}, "missing_lines": [], "excluded_lines": []}, "ContentChunk": {"executed_lines": [], "summary": {"covered_lines": 0, "num_statements": 5, "percent_covered": 0.0, "percent_covered_display": "0", "missing_lines": 5, "excluded_lines": 0, "percent_statements_covered": 0.0, "percent_statements_covered_display": "0"}, "missing_lines": [79, 80, 81, 82, 83], "excluded_lines": []}, "CompressionResult": {"executed_lines": [], "summary": {"covered_lines": 0, "num_statements": 2, "percent_covered": 0.0, "percent_covered_display": "0", "missing_lines": 2, "excluded_lines": 0, "percent_statements_covered": 0.0, "percent_statements_covered_display": "0"}, "missing_lines": [100, 105], "excluded_lines": []}, "": {"executed_lines": [1, 7, 8, 9, 12, 13, 14, 15, 16, 17, 18, 19, 20, 23, 24, 25, 28, 29, 30, 33, 46, 47, 50, 51, 54, 55, 58, 59, 60, 63, 64, 65, 67, 68, 69, 70, 71, 72, 73, 74, 76, 77, 86, 87, 88, 90, 91, 92, 93, 94, 95, 97, 98, 102, 103], "summary": {"covered_lines": 50, "num_statements": 50, "percent_covered": 100.0, "percent_covered_display": "100", "missing_lines": 0, "excluded_lines": 0, "percent_statements_covered": 100.0, "percent_statements_covered_display": "100"}, "missing_lines": [], "excluded_lines": []}}}, "optimization/config.py": {"executed_lines": [1, 10, 12, 13, 14, 15, 16, 19, 20, 21, 24, 25, 26, 27, 28, 31, 32, 33, 34, 35, 38, 39, 42], "summary": {"covered_lines": 21, "num_statements": 21, "percent_covered": 100.0, "percent_covered_display": "100", "missing_lines": 0, "excluded_lines": 0, "percent_statements_covered": 100.0, "percent_statements_covered_display": "100"}, "missing_lines": [], "excluded_lines": [], "functions": {"": {"executed_lines": [1, 10, 12, 13, 14, 15, 16, 19, 20, 21, 24, 25, 26, 27, 28, 31, 32, 33, 34, 35, 38, 39, 42], "summary": {"covered_lines": 21, "num_statements": 21, "percent_covered": 100.0, "percent_covered_display": "100", "missing_lines": 0, "excluded_lines": 0, "percent_statements_covered": 100.0, "percent_statements_covered_display": "100"}, "missing_lines": [], "excluded_lines": []}}, "classes": {"OptimizationConfig": {"executed_lines": [], "summary": {"covered_lines": 0, "num_statements": 0, "percent_covered": 100.0, "percent_covered_display": "100", "missing_lines": 0, "excluded_lines": 0, "percent_statements_covered": 100.0, "percent_statements_covered_display": "100"}, "missing_lines": [], "excluded_lines": []}, "": {"executed_lines": [1, 10, 12, 13, 14, 15, 16, 19, 20, 21, 24, 25, 26, 27, 28, 31, 32, 33, 34, 35, 38, 39, 42], "summary": {"covered_lines": 21, "num_statements": 21, "percent_covered": 100.0, "percent_covered_display": "100", "missing_lines": 0, "excluded_lines": 0, "percent_statements_covered": 100.0, "percent_statements_covered_display": "100"}, "missing_lines": [], "excluded_lines": []}}}, "optimization/context_compression.py": {"executed_lines": [1, 14, 29], "summary": {"covered_lines": 2, "num_statements": 2, "percent_covered": 100.0, "percent_covered_display": "100", "missing_lines": 0, "excluded_lines": 0, "percent_statements_covered": 100.0, "percent_statements_covered_display": "100"}, "missing_lines": [], "excluded_lines": [], "functions": {"": {"executed_lines": [1, 14, 29], "summary": {"covered_lines": 2, "num_statements": 2, "percent_covered": 100.0, "percent_covered_display": "100", "missing_lines": 0, "excluded_lines": 0, "percent_statements_covered": 100.0, "percent_statements_covered_display": "100"}, "missing_lines": [], "excluded_lines": []}}, "classes": {"": {"executed_lines": [1, 14, 29], "summary": {"covered_lines": 2, "num_statements": 2, "percent_covered": 100.0, "percent_covered_display": "100", "missing_lines": 0, "excluded_lines": 0, "percent_statements_covered": 100.0, "percent_statements_covered_display": "100"}, "missing_lines": [], "excluded_lines": []}}}, "optimization/fastapi_integration.py": {"executed_lines": [1, 8, 9, 10, 11, 12, 13, 15, 22, 25, 26, 27, 28, 31, 33, 35, 36, 46, 47, 48, 49, 51, 53, 58, 59, 60, 62, 63, 73, 74, 76, 77, 79, 80, 82, 84, 85, 86, 87, 88, 89, 90, 91, 92, 93, 95, 105, 106, 117, 118, 119, 124, 125, 126, 128, 133, 134, 135, 137, 138, 148, 149, 150, 151, 153, 155, 160, 161, 162, 164, 165, 175, 176, 178, 179, 181, 182, 183, 185, 186, 187, 188, 189, 190, 192, 193, 200, 201, 207], "summary": {"covered_lines": 87, "num_statements": 87, "percent_covered": 100.0, "percent_covered_display": "100", "missing_lines": 0, "excluded_lines": 0, "percent_statements_covered": 100.0, "percent_statements_covered_display": "100"}, "missing_lines": [], "excluded_lines": [], "functions": {"create_streaming_router": {"executed_lines": [33, 35, 36, 62, 63, 105, 106, 137, 138, 164, 165, 192, 193, 207], "summary": {"covered_lines": 14, "num_statements": 14, "percent_covered": 100.0, "percent_covered_display": "100", "missing_lines": 0, "excluded_lines": 0, "percent_statements_covered": 100.0, "percent_statements_covered_display": "100"}, "missing_lines": [], "excluded_lines": []}, "create_streaming_router.start_stream": {"executed_lines": [46, 47, 48, 49, 51, 53, 58, 59, 60], "summary": {"covered_lines": 9, "num_statements": 9, "percent_covered": 100.0, "percent_covered_display": "100", "missing_lines": 0, "excluded_lines": 0, "percent_statements_covered": 100.0, "percent_statements_covered_display": "100"}, "missing_lines": [], "excluded_lines": []}, "create_streaming_router.subscribe_stream": {"executed_lines": [73, 74, 76, 77, 79, 80, 82, 95], "summary": {"covered_lines": 8, "num_statements": 8, "percent_covered": 100.0, "percent_covered_display": "100", "missing_lines": 0, "excluded_lines": 0, "percent_statements_covered": 100.0, "percent_statements_covered_display": "100"}, "missing_lines": [], "excluded_lines": []}, "create_streaming_router.subscribe_stream.event_generator": {"executed_lines": [84, 85, 86, 87, 88, 89, 90, 91, 92, 93], "summary": {"covered_lines": 10, "num_statements": 10, "percent_covered": 100.0, "percent_covered_display": "100", "missing_lines": 0, "excluded_lines": 0, "percent_statements_covered": 100.0, "percent_statements_covered_display": "100"}, "missing_lines": [], "excluded_lines": []}, "create_streaming_router.emit_event": {"executed_lines": [117, 118, 119, 124, 125, 126, 128, 133, 134, 135], "summary": {"covered_lines": 10, "num_statements": 10, "percent_covered": 100.0, "percent_covered_display": "100", "missing_lines": 0, "excluded_lines": 0, "percent_statements_covered": 100.0, "percent_statements_covered_display": "100"}, "missing_lines": [], "excluded_lines": []}, "create_streaming_router.close_stream": {"executed_lines": [148, 149, 150, 151, 153, 155, 160, 161, 162], "summary": {"covered_lines": 9, "num_statements": 9, "percent_covered": 100.0, "percent_covered_display": "100", "missing_lines": 0, "excluded_lines": 0, "percent_statements_covered": 100.0, "percent_statements_covered_display": "100"}, "missing_lines": [], "excluded_lines": []}, "create_streaming_router.get_metrics": {"executed_lines": [175, 176, 178, 179, 181, 182, 183, 185, 186, 187, 188, 189, 190], "summary": {"covered_lines": 13, "num_statements": 13, "percent_covered": 100.0, "percent_covered_display": "100", "missing_lines": 0, "excluded_lines": 0, "percent_statements_covered": 100.0, "percent_statements_covered_display": "100"}, "missing_lines": [], "excluded_lines": []}, "create_streaming_router.stream_health": {"executed_lines": [200, 201], "summary": {"covered_lines": 2, "num_statements": 2, "percent_covered": 100.0, "percent_covered_display": "100", "missing_lines": 0, "excluded_lines": 0, "percent_statements_covered": 100.0, "percent_statements_covered_display": "100"}, "missing_lines": [], "excluded_lines": []}, "": {"executed_lines": [1, 8, 9, 10, 11, 12, 13, 15, 22, 25, 26, 27, 28, 31], "summary": {"covered_lines": 12, "num_statements": 12, "percent_covered": 100.0, "percent_covered_display": "100", "missing_lines": 0, "excluded_lines": 0, "percent_statements_covered": 100.0, "percent_statements_covered_display": "100"}, "missing_lines": [], "excluded_lines": []}}, "classes": {"StreamStartRequest": {"executed_lines": [], "summary": {"covered_lines": 0, "num_statements": 0, "percent_covered": 100.0, "percent_covered_display": "100", "missing_lines": 0, "excluded_lines": 0, "percent_statements_covered": 100.0, "percent_statements_covered_display": "100"}, "missing_lines": [], "excluded_lines": []}, "": {"executed_lines": [1, 8, 9, 10, 11, 12, 13, 15, 22, 25, 26, 27, 28, 31, 33, 35, 36, 46, 47, 48, 49, 51, 53, 58, 59, 60, 62, 63, 73, 74, 76, 77, 79, 80, 82, 84, 85, 86, 87, 88, 89, 90, 91, 92, 93, 95, 105, 106, 117, 118, 119, 124, 125, 126, 128, 133, 134, 135, 137, 138, 148, 149, 150, 151, 153, 155, 160, 161, 162, 164, 165, 175, 176, 178, 179, 181, 182, 183, 185, 186, 187, 188, 189, 190, 192, 193, 200, 201, 207], "summary": {"covered_lines": 87, "num_statements": 87, "percent_covered": 100.0, "percent_covered_display": "100", "missing_lines": 0, "excluded_lines": 0, "percent_statements_covered": 100.0, "percent_statements_covered_display": "100"}, "missing_lines": [], "excluded_lines": []}}}, "optimization/http2_app.py": {"executed_lines": [1, 7, 8, 9, 10, 11, 13, 14, 15, 17, 20, 21, 23, 46, 91, 100, 115, 141, 155], "summary": {"covered_lines": 17, "num_statements": 51, "percent_covered": 33.333333333333336, "percent_covered_display": "33", "missing_lines": 34, "excluded_lines": 0, "percent_statements_covered": 33.333333333333336, "percent_statements_covered_display": "33"}, "missing_lines": [36, 37, 38, 41, 42, 43, 44, 52, 58, 67, 73, 79, 80, 83, 86, 88, 89, 93, 94, 95, 96, 97, 98, 102, 103, 105, 106, 117, 118, 120, 143, 145, 169, 170], "excluded_lines": [], "functions": {"HTTP2App.__init__": {"executed_lines": [], "summary": {"covered_lines": 0, "num_statements": 7, "percent_covered": 0.0, "percent_covered_display": "0", "missing_lines": 7, "excluded_lines": 0, "percent_statements_covered": 0.0, "percent_statements_covered_display": "0"}, "missing_lines": [36, 37, 38, 41, 42, 43, 44], "excluded_lines": []}, "HTTP2App.setup": {"executed_lines": [], "summary": {"covered_lines": 0, "num_statements": 10, "percent_covered": 0.0, "percent_covered_display": "0", "missing_lines": 10, "excluded_lines": 0, "percent_statements_covered": 0.0, "percent_statements_covered_display": "0"}, "missing_lines": [52, 58, 67, 73, 79, 80, 83, 86, 88, 89], "excluded_lines": []}, "HTTP2App._setup_streaming_routes": {"executed_lines": [], "summary": {"covered_lines": 0, "num_statements": 6, "percent_covered": 0.0, "percent_covered_display": "0", "missing_lines": 6, "excluded_lines": 0, "percent_statements_covered": 0.0, "percent_statements_covered_display": "0"}, "missing_lines": [93, 94, 95, 96, 97, 98], "excluded_lines": []}, "HTTP2App._add_health_endpoint": {"executed_lines": [], "summary": {"covered_lines": 0, "num_statements": 2, "percent_covered": 0.0, "percent_covered_display": "0", "missing_lines": 2, "excluded_lines": 0, "percent_statements_covered": 0.0, "percent_statements_covered_display": "0"}, "missing_lines": [102, 103], "excluded_lines": []}, "HTTP2App._add_health_endpoint.http2_health": {"executed_lines": [], "summary": {"covered_lines": 0, "num_statements": 2, "percent_covered": 0.0, "percent_covered_display": "0", "missing_lines": 2, "excluded_lines": 0, "percent_statements_covered": 0.0, "percent_statements_covered_display": "0"}, "missing_lines": [105, 106], "excluded_lines": []}, "HTTP2App._add_protocol_info_endpoint": {"executed_lines": [], "summary": {"covered_lines": 0, "num_statements": 2, "percent_covered": 0.0, "percent_covered_display": "0", "missing_lines": 2, "excluded_lines": 0, "percent_statements_covered": 0.0, "percent_statements_covered_display": "0"}, "missing_lines": [117, 118], "excluded_lines": []}, "HTTP2App._add_protocol_info_endpoint.protocol_info": {"executed_lines": [], "summary": {"covered_lines": 0, "num_statements": 1, "percent_covered": 0.0, "percent_covered_display": "0", "missing_lines": 1, "excluded_lines": 0, "percent_statements_covered": 0.0, "percent_statements_covered_display": "0"}, "missing_lines": [120], "excluded_lines": []}, "HTTP2App.get_startup_info": {"executed_lines": [], "summary": {"covered_lines": 0, "num_statements": 2, "percent_covered": 0.0, "percent_covered_display": "0", "missing_lines": 2, "excluded_lines": 0, "percent_statements_covered": 0.0, "percent_statements_covered_display": "0"}, "missing_lines": [143, 145], "excluded_lines": []}, "setup_http2_app": {"executed_lines": [], "summary": {"covered_lines": 0, "num_statements": 2, "percent_covered": 0.0, "percent_covered_display": "0", "missing_lines": 2, "excluded_lines": 0, "percent_statements_covered": 0.0, "percent_statements_covered_display": "0"}, "missing_lines": [169, 170], "excluded_lines": []}, "": {"executed_lines": [1, 7, 8, 9, 10, 11, 13, 14, 15, 17, 20, 21, 23, 46, 91, 100, 115, 141, 155], "summary": {"covered_lines": 17, "num_statements": 17, "percent_covered": 100.0, "percent_covered_display": "100", "missing_lines": 0, "excluded_lines": 0, "percent_statements_covered": 100.0, "percent_statements_covered_display": "100"}, "missing_lines": [], "excluded_lines": []}}, "classes": {"HTTP2App": {"executed_lines": [], "summary": {"covered_lines": 0, "num_statements": 32, "percent_covered": 0.0, "percent_covered_display": "0", "missing_lines": 32, "excluded_lines": 0, "percent_statements_covered": 0.0, "percent_statements_covered_display": "0"}, "missing_lines": [36, 37, 38, 41, 42, 43, 44, 52, 58, 67, 73, 79, 80, 83, 86, 88, 89, 93, 94, 95, 96, 97, 98, 102, 103, 105, 106, 117, 118, 120, 143, 145], "excluded_lines": []}, "": {"executed_lines": [1, 7, 8, 9, 10, 11, 13, 14, 15, 17, 20, 21, 23, 46, 91, 100, 115, 141, 155], "summary": {"covered_lines": 17, "num_statements": 19, "percent_covered": 89.47368421052632, "percent_covered_display": "89", "missing_lines": 2, "excluded_lines": 0, "percent_statements_covered": 89.47368421052632, "percent_statements_covered_display": "89"}, "missing_lines": [169, 170], "excluded_lines": []}}}, "optimization/http2_config.py": {"executed_lines": [1, 7, 8, 9, 10, 11, 13, 16, 17, 18, 21, 22, 25, 26, 27, 28, 29, 32, 33, 34, 37, 38, 39, 40, 41, 42, 45, 46, 47, 50, 51, 54, 56, 68, 69, 87, 88, 90, 91, 125, 126, 170, 171, 199, 200, 202, 206, 238, 266, 281], "summary": {"covered_lines": 46, "num_statements": 123, "percent_covered": 37.39837398373984, "percent_covered_display": "37", "missing_lines": 77, "excluded_lines": 0, "percent_statements_covered": 37.39837398373984, "percent_statements_covered_display": "37"}, "missing_lines": [58, 59, 60, 63, 64, 65, 66, 71, 96, 109, 110, 117, 118, 123, 131, 144, 145, 153, 154, 155, 156, 158, 161, 162, 168, 178, 185, 186, 191, 192, 193, 194, 196, 203, 204, 208, 209, 210, 213, 214, 217, 219, 220, 221, 224, 227, 229, 231, 233, 235, 248, 249, 250, 252, 253, 254, 258, 262, 275, 276, 278, 283, 284, 286, 287, 288, 289, 290, 291, 292, 293, 294, 295, 296, 297, 298, 299], "excluded_lines": [], "functions": {"HTTP2Config.validate": {"executed_lines": [], "summary": {"covered_lines": 0, "num_statements": 7, "percent_covered": 0.0, "percent_covered_display": "0", "missing_lines": 7, "excluded_lines": 0, "percent_statements_covered": 0.0, "percent_statements_covered_display": "0"}, "missing_lines": [58, 59, 60, 63, 64, 65, 66], "excluded_lines": []}, "HTTP2Config.from_env": {"executed_lines": [], "summary": {"covered_lines": 0, "num_statements": 1, "percent_covered": 0.0, "percent_covered_display": "0", "missing_lines": 1, "excluded_lines": 0, "percent_statements_covered": 0.0, "percent_statements_covered_display": "0"}, "missing_lines": [71], "excluded_lines": []}, "HTTP2ServerFactory.create_uvicorn_config": {"executed_lines": [], "summary": {"covered_lines": 0, "num_statements": 6, "percent_covered": 0.0, "percent_covered_display": "0", "missing_lines": 6, "excluded_lines": 0, "percent_statements_covered": 0.0, "percent_statements_covered_display": "0"}, "missing_lines": [96, 109, 110, 117, 118, 123], "excluded_lines": []}, "HTTP2ServerFactory.create_hypercorn_config": {"executed_lines": [], "summary": {"covered_lines": 0, "num_statements": 11, "percent_covered": 0.0, "percent_covered_display": "0", "missing_lines": 11, "excluded_lines": 0, "percent_statements_covered": 0.0, "percent_statements_covered_display": "0"}, "missing_lines": [131, 144, 145, 153, 154, 155, 156, 158, 161, 162, 168], "excluded_lines": []}, "HTTP2ServerFactory.get_command_line_args": {"executed_lines": [], "summary": {"covered_lines": 0, "num_statements": 8, "percent_covered": 0.0, "percent_covered_display": "0", "missing_lines": 8, "excluded_lines": 0, "percent_statements_covered": 0.0, "percent_statements_covered_display": "0"}, "missing_lines": [178, 185, 186, 191, 192, 193, 194, 196], "excluded_lines": []}, "HTTP2Middleware.__init__": {"executed_lines": [], "summary": {"covered_lines": 0, "num_statements": 2, "percent_covered": 0.0, "percent_covered_display": "0", "missing_lines": 2, "excluded_lines": 0, "percent_statements_covered": 0.0, "percent_statements_covered_display": "0"}, "missing_lines": [203, 204], "excluded_lines": []}, "HTTP2Middleware.__call__": {"executed_lines": [], "summary": {"covered_lines": 0, "num_statements": 9, "percent_covered": 0.0, "percent_covered_display": "0", "missing_lines": 9, "excluded_lines": 0, "percent_statements_covered": 0.0, "percent_statements_covered_display": "0"}, "missing_lines": [208, 209, 210, 213, 214, 217, 219, 233, 235], "excluded_lines": []}, "HTTP2Middleware.__call__.send_with_optimization": {"executed_lines": [], "summary": {"covered_lines": 0, "num_statements": 6, "percent_covered": 0.0, "percent_covered_display": "0", "missing_lines": 6, "excluded_lines": 0, "percent_statements_covered": 0.0, "percent_statements_covered_display": "0"}, "missing_lines": [220, 221, 224, 227, 229, 231], "excluded_lines": []}, "get_server_startup_command": {"executed_lines": [], "summary": {"covered_lines": 0, "num_statements": 8, "percent_covered": 0.0, "percent_covered_display": "0", "missing_lines": 8, "excluded_lines": 0, "percent_statements_covered": 0.0, "percent_statements_covered_display": "0"}, "missing_lines": [248, 249, 250, 252, 253, 254, 258, 262], "excluded_lines": []}, "create_http2_middleware": {"executed_lines": [], "summary": {"covered_lines": 0, "num_statements": 3, "percent_covered": 0.0, "percent_covered_display": "0", "missing_lines": 3, "excluded_lines": 0, "percent_statements_covered": 0.0, "percent_statements_covered_display": "0"}, "missing_lines": [275, 276, 278], "excluded_lines": []}, "": {"executed_lines": [1, 7, 8, 9, 10, 11, 13, 16, 17, 18, 21, 22, 25, 26, 27, 28, 29, 32, 33, 34, 37, 38, 39, 40, 41, 42, 45, 46, 47, 50, 51, 54, 56, 68, 69, 87, 88, 90, 91, 125, 126, 170, 171, 199, 200, 202, 206, 238, 266, 281], "summary": {"covered_lines": 46, "num_statements": 62, "percent_covered": 74.19354838709677, "percent_covered_display": "74", "missing_lines": 16, "excluded_lines": 0, "percent_statements_covered": 74.19354838709677, "percent_statements_covered_display": "74"}, "missing_lines": [283, 284, 286, 287, 288, 289, 290, 291, 292, 293, 294, 295, 296, 297, 298, 299], "excluded_lines": []}}, "classes": {"HTTP2Config": {"executed_lines": [], "summary": {"covered_lines": 0, "num_statements": 8, "percent_covered": 0.0, "percent_covered_display": "0", "missing_lines": 8, "excluded_lines": 0, "percent_statements_covered": 0.0, "percent_statements_covered_display": "0"}, "missing_lines": [58, 59, 60, 63, 64, 65, 66, 71], "excluded_lines": []}, "HTTP2ServerFactory": {"executed_lines": [], "summary": {"covered_lines": 0, "num_statements": 25, "percent_covered": 0.0, "percent_covered_display": "0", "missing_lines": 25, "excluded_lines": 0, "percent_statements_covered": 0.0, "percent_statements_covered_display": "0"}, "missing_lines": [96, 109, 110, 117, 118, 123, 131, 144, 145, 153, 154, 155, 156, 158, 161, 162, 168, 178, 185, 186, 191, 192, 193, 194, 196], "excluded_lines": []}, "HTTP2Middleware": {"executed_lines": [], "summary": {"covered_lines": 0, "num_statements": 17, "percent_covered": 0.0, "percent_covered_display": "0", "missing_lines": 17, "excluded_lines": 0, "percent_statements_covered": 0.0, "percent_statements_covered_display": "0"}, "missing_lines": [203, 204, 208, 209, 210, 213, 214, 217, 219, 220, 221, 224, 227, 229, 231, 233, 235], "excluded_lines": []}, "": {"executed_lines": [1, 7, 8, 9, 10, 11, 13, 16, 17, 18, 21, 22, 25, 26, 27, 28, 29, 32, 33, 34, 37, 38, 39, 40, 41, 42, 45, 46, 47, 50, 51, 54, 56, 68, 69, 87, 88, 90, 91, 125, 126, 170, 171, 199, 200, 202, 206, 238, 266, 281], "summary": {"covered_lines": 46, "num_statements": 73, "percent_covered": 63.013698630136986, "percent_covered_display": "63", "missing_lines": 27, "excluded_lines": 0, "percent_statements_covered": 63.013698630136986, "percent_statements_covered_display": "63"}, "missing_lines": [248, 249, 250, 252, 253, 254, 258, 262, 275, 276, 278, 283, 284, 286, 287, 288, 289, 290, 291, 292, 293, 294, 295, 296, 297, 298, 299], "excluded_lines": []}}}, "optimization/integration.py": {"executed_lines": [1, 16, 17, 18, 20, 21, 22, 23, 24, 25, 26, 28, 31, 32, 58, 59, 62, 63, 64, 65, 66, 68, 77, 94, 95, 96, 99, 100, 101, 102, 103, 106, 107, 108, 109, 115, 116, 129, 130, 131, 132, 135, 136, 138, 139, 144, 164, 165, 170, 171, 174, 175, 181, 184, 186, 190, 199, 218, 229, 238, 240, 242, 243, 252, 254, 256, 262, 265, 275, 285], "summary": {"covered_lines": 68, "num_statements": 98, "percent_covered": 69.38775510204081, "percent_covered_display": "69", "missing_lines": 30, "excluded_lines": 0, "percent_statements_covered": 69.38775510204081, "percent_statements_covered_display": "69"}, "missing_lines": [110, 111, 112, 121, 145, 149, 153, 154, 155, 156, 158, 185, 187, 188, 220, 221, 222, 225, 226, 230, 231, 235, 258, 270, 271, 272, 281, 282, 290, 291], "excluded_lines": [], "functions": {"OptimizationPipeline.__init__": {"executed_lines": [59, 62, 63, 64, 65, 66, 68], "summary": {"covered_lines": 7, "num_statements": 7, "percent_covered": 100.0, "percent_covered_display": "100", "missing_lines": 0, "excluded_lines": 0, "percent_statements_covered": 100.0, "percent_statements_covered_display": "100"}, "missing_lines": [], "excluded_lines": []}, "OptimizationPipeline.optimize_request": {"executed_lines": [94, 95, 96, 99, 100, 101, 102, 103, 106, 107, 108, 109, 115, 116, 129, 130, 131, 132, 135, 136, 138, 139, 144, 164, 165, 170, 171, 174, 175, 181, 184, 186, 190], "summary": {"covered_lines": 33, "num_statements": 47, "percent_covered": 70.2127659574468, "percent_covered_display": "70", "missing_lines": 14, "excluded_lines": 0, "percent_statements_covered": 70.2127659574468, "percent_statements_covered_display": "70"}, "missing_lines": [110, 111, 112, 121, 145, 149, 153, 154, 155, 156, 158, 185, 187, 188], "excluded_lines": []}, "OptimizationPipeline.execute_tools": {"executed_lines": [218, 229, 238], "summary": {"covered_lines": 3, "num_statements": 11, "percent_covered": 27.272727272727273, "percent_covered_display": "27", "missing_lines": 8, "excluded_lines": 0, "percent_statements_covered": 27.272727272727273, "percent_statements_covered_display": "27"}, "missing_lines": [220, 221, 222, 225, 226, 230, 231, 235], "excluded_lines": []}, "OptimizationPipeline.get_cache_stats": {"executed_lines": [242, 243], "summary": {"covered_lines": 2, "num_statements": 2, "percent_covered": 100.0, "percent_covered_display": "100", "missing_lines": 0, "excluded_lines": 0, "percent_statements_covered": 100.0, "percent_statements_covered_display": "100"}, "missing_lines": [], "excluded_lines": []}, "OptimizationPipeline.warm_cache": {"executed_lines": [254], "summary": {"covered_lines": 1, "num_statements": 1, "percent_covered": 100.0, "percent_covered_display": "100", "missing_lines": 0, "excluded_lines": 0, "percent_statements_covered": 100.0, "percent_statements_covered_display": "100"}, "missing_lines": [], "excluded_lines": []}, "OptimizationPipeline.get_available_models": {"executed_lines": [], "summary": {"covered_lines": 0, "num_statements": 1, "percent_covered": 0.0, "percent_covered_display": "0", "missing_lines": 1, "excluded_lines": 0, "percent_statements_covered": 0.0, "percent_statements_covered_display": "0"}, "missing_lines": [258], "excluded_lines": []}, "get_optimization_pipeline": {"executed_lines": [], "summary": {"covered_lines": 0, "num_statements": 3, "percent_covered": 0.0, "percent_covered_display": "0", "missing_lines": 3, "excluded_lines": 0, "percent_statements_covered": 0.0, "percent_statements_covered_display": "0"}, "missing_lines": [270, 271, 272], "excluded_lines": []}, "optimize_request": {"executed_lines": [], "summary": {"covered_lines": 0, "num_statements": 2, "percent_covered": 0.0, "percent_covered_display": "0", "missing_lines": 2, "excluded_lines": 0, "percent_statements_covered": 0.0, "percent_statements_covered_display": "0"}, "missing_lines": [281, 282], "excluded_lines": []}, "execute_tools_parallel": {"executed_lines": [], "summary": {"covered_lines": 0, "num_statements": 2, "percent_covered": 0.0, "percent_covered_display": "0", "missing_lines": 2, "excluded_lines": 0, "percent_statements_covered": 0.0, "percent_statements_covered_display": "0"}, "missing_lines": [290, 291], "excluded_lines": []}, "": {"executed_lines": [1, 16, 17, 18, 20, 21, 22, 23, 24, 25, 26, 28, 31, 32, 58, 77, 199, 240, 252, 256, 262, 265, 275, 285], "summary": {"covered_lines": 22, "num_statements": 22, "percent_covered": 100.0, "percent_covered_display": "100", "missing_lines": 0, "excluded_lines": 0, "percent_statements_covered": 100.0, "percent_statements_covered_display": "100"}, "missing_lines": [], "excluded_lines": []}}, "classes": {"OptimizationPipeline": {"executed_lines": [59, 62, 63, 64, 65, 66, 68, 94, 95, 96, 99, 100, 101, 102, 103, 106, 107, 108, 109, 115, 116, 129, 130, 131, 132, 135, 136, 138, 139, 144, 164, 165, 170, 171, 174, 175, 181, 184, 186, 190, 218, 229, 238, 242, 243, 254], "summary": {"covered_lines": 46, "num_statements": 69, "percent_covered": 66.66666666666667, "percent_covered_display": "67", "missing_lines": 23, "excluded_lines": 0, "percent_statements_covered": 66.66666666666667, "percent_statements_covered_display": "67"}, "missing_lines": [110, 111, 112, 121, 145, 149, 153, 154, 155, 156, 158, 185, 187, 188, 220, 221, 222, 225, 226, 230, 231, 235, 258], "excluded_lines": []}, "": {"executed_lines": [1, 16, 17, 18, 20, 21, 22, 23, 24, 25, 26, 28, 31, 32, 58, 77, 199, 240, 252, 256, 262, 265, 275, 285], "summary": {"covered_lines": 22, "num_statements": 29, "percent_covered": 75.86206896551724, "percent_covered_display": "76", "missing_lines": 7, "excluded_lines": 0, "percent_statements_covered": 75.86206896551724, "percent_statements_covered_display": "76"}, "missing_lines": [270, 271, 272, 281, 282, 290, 291], "excluded_lines": []}}}, "optimization/memory/__init__.py": {"executed_lines": [1, 17, 23, 30, 35, 41, 47], "summary": {"covered_lines": 6, "num_statements": 6, "percent_covered": 100.0, "percent_covered_display": "100", "missing_lines": 0, "excluded_lines": 0, "percent_statements_covered": 100.0, "percent_statements_covered_display": "100"}, "missing_lines": [], "excluded_lines": [], "functions": {"": {"executed_lines": [1, 17, 23, 30, 35, 41, 47], "summary": {"covered_lines": 6, "num_statements": 6, "percent_covered": 100.0, "percent_covered_display": "100", "missing_lines": 0, "excluded_lines": 0, "percent_statements_covered": 100.0, "percent_statements_covered_display": "100"}, "missing_lines": [], "excluded_lines": []}}, "classes": {"": {"executed_lines": [1, 17, 23, 30, 35, 41, 47], "summary": {"covered_lines": 6, "num_statements": 6, "percent_covered": 100.0, "percent_covered_display": "100", "missing_lines": 0, "excluded_lines": 0, "percent_statements_covered": 100.0, "percent_statements_covered_display": "100"}, "missing_lines": [], "excluded_lines": []}}}, "optimization/memory/episodic.py": {"executed_lines": [1, 17, 18, 19, 20, 21, 22, 23, 24, 25, 27, 30, 31, 32, 33, 34, 35, 36, 39, 40, 41, 42, 43, 44, 45, 46, 47, 48, 49, 50, 51, 52, 54, 55, 59, 60, 66, 84, 85, 86, 87, 88, 89, 90, 91, 92, 93, 96, 97, 99, 101, 102, 103, 104, 106, 148, 155, 156, 158, 172, 173, 175, 194, 215, 241, 265, 297, 304, 331, 332, 347], "summary": {"covered_lines": 66, "num_statements": 154, "percent_covered": 42.857142857142854, "percent_covered_display": "43", "missing_lines": 88, "excluded_lines": 0, "percent_statements_covered": 42.857142857142854, "percent_statements_covered_display": "43"}, "missing_lines": [57, 62, 63, 64, 68, 118, 119, 131, 132, 133, 135, 136, 139, 141, 146, 160, 161, 164, 166, 167, 168, 169, 181, 182, 183, 185, 186, 188, 200, 201, 202, 204, 205, 206, 207, 209, 213, 217, 218, 220, 221, 222, 231, 239, 246, 247, 248, 250, 255, 256, 258, 263, 267, 268, 269, 276, 281, 285, 299, 300, 301, 302, 310, 312, 314, 317, 322, 324, 325, 328, 329, 334, 335, 337, 338, 339, 340, 342, 343, 345, 349, 350, 353, 359, 360, 361, 362, 364], "excluded_lines": [], "functions": {"EpisodicEntry.age_seconds": {"executed_lines": [], "summary": {"covered_lines": 0, "num_statements": 1, "percent_covered": 0.0, "percent_covered_display": "0", "missing_lines": 1, "excluded_lines": 0, "percent_statements_covered": 0.0, "percent_statements_covered_display": "0"}, "missing_lines": [57], "excluded_lines": []}, "EpisodicEntry.recency_score": {"executed_lines": [], "summary": {"covered_lines": 0, "num_statements": 3, "percent_covered": 0.0, "percent_covered_display": "0", "missing_lines": 3, "excluded_lines": 0, "percent_statements_covered": 0.0, "percent_statements_covered_display": "0"}, "missing_lines": [62, 63, 64], "excluded_lines": []}, "EpisodicEntry.to_dict": {"executed_lines": [], "summary": {"covered_lines": 0, "num_statements": 1, "percent_covered": 0.0, "percent_covered_display": "0", "missing_lines": 1, "excluded_lines": 0, "percent_statements_covered": 0.0, "percent_statements_covered_display": "0"}, "missing_lines": [68], "excluded_lines": []}, "EpisodicMemory.__init__": {"executed_lines": [101, 102, 103, 104], "summary": {"covered_lines": 4, "num_statements": 4, "percent_covered": 100.0, "percent_covered_display": "100", "missing_lines": 0, "excluded_lines": 0, "percent_statements_covered": 100.0, "percent_statements_covered_display": "100"}, "missing_lines": [], "excluded_lines": []}, "EpisodicMemory.store": {"executed_lines": [], "summary": {"covered_lines": 0, "num_statements": 10, "percent_covered": 0.0, "percent_covered_display": "0", "missing_lines": 10, "excluded_lines": 0, "percent_statements_covered": 0.0, "percent_statements_covered_display": "0"}, "missing_lines": [118, 119, 131, 132, 133, 135, 136, 139, 141, 146], "excluded_lines": []}, "EpisodicMemory.retrieve": {"executed_lines": [155, 156, 158, 172, 173], "summary": {"covered_lines": 5, "num_statements": 12, "percent_covered": 41.666666666666664, "percent_covered_display": "42", "missing_lines": 7, "excluded_lines": 0, "percent_statements_covered": 41.666666666666664, "percent_statements_covered_display": "42"}, "missing_lines": [160, 161, 164, 166, 167, 168, 169], "excluded_lines": []}, "EpisodicMemory.retrieve_similar": {"executed_lines": [], "summary": {"covered_lines": 0, "num_statements": 6, "percent_covered": 0.0, "percent_covered_display": "0", "missing_lines": 6, "excluded_lines": 0, "percent_statements_covered": 0.0, "percent_statements_covered_display": "0"}, "missing_lines": [181, 182, 183, 185, 186, 188], "excluded_lines": []}, "EpisodicMemory.update_confidence": {"executed_lines": [], "summary": {"covered_lines": 0, "num_statements": 9, "percent_covered": 0.0, "percent_covered_display": "0", "missing_lines": 9, "excluded_lines": 0, "percent_statements_covered": 0.0, "percent_statements_covered_display": "0"}, "missing_lines": [200, 201, 202, 204, 205, 206, 207, 209, 213], "excluded_lines": []}, "EpisodicMemory.get_lessons": {"executed_lines": [], "summary": {"covered_lines": 0, "num_statements": 7, "percent_covered": 0.0, "percent_covered_display": "0", "missing_lines": 7, "excluded_lines": 0, "percent_statements_covered": 0.0, "percent_statements_covered_display": "0"}, "missing_lines": [217, 218, 220, 221, 222, 231, 239], "excluded_lines": []}, "EpisodicMemory.get_success_rate": {"executed_lines": [], "summary": {"covered_lines": 0, "num_statements": 8, "percent_covered": 0.0, "percent_covered_display": "0", "missing_lines": 8, "excluded_lines": 0, "percent_statements_covered": 0.0, "percent_statements_covered_display": "0"}, "missing_lines": [246, 247, 248, 250, 255, 256, 258, 263], "excluded_lines": []}, "EpisodicMemory.stats": {"executed_lines": [], "summary": {"covered_lines": 0, "num_statements": 6, "percent_covered": 0.0, "percent_covered_display": "0", "missing_lines": 6, "excluded_lines": 0, "percent_statements_covered": 0.0, "percent_statements_covered_display": "0"}, "missing_lines": [267, 268, 269, 276, 281, 285], "excluded_lines": []}, "EpisodicMemory.clear": {"executed_lines": [], "summary": {"covered_lines": 0, "num_statements": 4, "percent_covered": 0.0, "percent_covered_display": "0", "missing_lines": 4, "excluded_lines": 0, "percent_statements_covered": 0.0, "percent_statements_covered_display": "0"}, "missing_lines": [299, 300, 301, 302], "excluded_lines": []}, "EpisodicMemory._find_similar": {"executed_lines": [], "summary": {"covered_lines": 0, "num_statements": 9, "percent_covered": 0.0, "percent_covered_display": "0", "missing_lines": 9, "excluded_lines": 0, "percent_statements_covered": 0.0, "percent_statements_covered_display": "0"}, "missing_lines": [310, 312, 314, 317, 322, 324, 325, 328, 329], "excluded_lines": []}, "EpisodicMemory._calculate_overlap": {"executed_lines": [], "summary": {"covered_lines": 0, "num_statements": 9, "percent_covered": 0.0, "percent_covered_display": "0", "missing_lines": 9, "excluded_lines": 0, "percent_statements_covered": 0.0, "percent_statements_covered_display": "0"}, "missing_lines": [334, 335, 337, 338, 339, 340, 342, 343, 345], "excluded_lines": []}, "EpisodicMemory._enforce_capacity": {"executed_lines": [], "summary": {"covered_lines": 0, "num_statements": 8, "percent_covered": 0.0, "percent_covered_display": "0", "missing_lines": 8, "excluded_lines": 0, "percent_statements_covered": 0.0, "percent_statements_covered_display": "0"}, "missing_lines": [349, 350, 353, 359, 360, 361, 362, 364], "excluded_lines": []}, "": {"executed_lines": [1, 17, 18, 19, 20, 21, 22, 23, 24, 25, 27, 30, 31, 32, 33, 34, 35, 36, 39, 40, 41, 42, 43, 44, 45, 46, 47, 48, 49, 50, 51, 52, 54, 55, 59, 60, 66, 84, 85, 86, 87, 88, 89, 90, 91, 92, 93, 96, 97, 99, 106, 148, 175, 194, 215, 241, 265, 297, 304, 331, 332, 347], "summary": {"covered_lines": 57, "num_statements": 57, "percent_covered": 100.0, "percent_covered_display": "100", "missing_lines": 0, "excluded_lines": 0, "percent_statements_covered": 100.0, "percent_statements_covered_display": "100"}, "missing_lines": [], "excluded_lines": []}}, "classes": {"TaskOutcome": {"executed_lines": [], "summary": {"covered_lines": 0, "num_statements": 0, "percent_covered": 100.0, "percent_covered_display": "100", "missing_lines": 0, "excluded_lines": 0, "percent_statements_covered": 100.0, "percent_statements_covered_display": "100"}, "missing_lines": [], "excluded_lines": []}, "EpisodicEntry": {"executed_lines": [], "summary": {"covered_lines": 0, "num_statements": 5, "percent_covered": 0.0, "percent_covered_display": "0", "missing_lines": 5, "excluded_lines": 0, "percent_statements_covered": 0.0, "percent_statements_covered_display": "0"}, "missing_lines": [57, 62, 63, 64, 68], "excluded_lines": []}, "EpisodicConfig": {"executed_lines": [], "summary": {"covered_lines": 0, "num_statements": 0, "percent_covered": 100.0, "percent_covered_display": "100", "missing_lines": 0, "excluded_lines": 0, "percent_statements_covered": 100.0, "percent_statements_covered_display": "100"}, "missing_lines": [], "excluded_lines": []}, "EpisodicMemory": {"executed_lines": [101, 102, 103, 104, 155, 156, 158, 172, 173], "summary": {"covered_lines": 9, "num_statements": 92, "percent_covered": 9.782608695652174, "percent_covered_display": "10", "missing_lines": 83, "excluded_lines": 0, "percent_statements_covered": 9.782608695652174, "percent_statements_covered_display": "10"}, "missing_lines": [118, 119, 131, 132, 133, 135, 136, 139, 141, 146, 160, 161, 164, 166, 167, 168, 169, 181, 182, 183, 185, 186, 188, 200, 201, 202, 204, 205, 206, 207, 209, 213, 217, 218, 220, 221, 222, 231, 239, 246, 247, 248, 250, 255, 256, 258, 263, 267, 268, 269, 276, 281, 285, 299, 300, 301, 302, 310, 312, 314, 317, 322, 324, 325, 328, 329, 334, 335, 337, 338, 339, 340, 342, 343, 345, 349, 350, 353, 359, 360, 361, 362, 364], "excluded_lines": []}, "": {"executed_lines": [1, 17, 18, 19, 20, 21, 22, 23, 24, 25, 27, 30, 31, 32, 33, 34, 35, 36, 39, 40, 41, 42, 43, 44, 45, 46, 47, 48, 49, 50, 51, 52, 54, 55, 59, 60, 66, 84, 85, 86, 87, 88, 89, 90, 91, 92, 93, 96, 97, 99, 106, 148, 175, 194, 215, 241, 265, 297, 304, 331, 332, 347], "summary": {"covered_lines": 57, "num_statements": 57, "percent_covered": 100.0, "percent_covered_display": "100", "missing_lines": 0, "excluded_lines": 0, "percent_statements_covered": 100.0, "percent_statements_covered_display": "100"}, "missing_lines": [], "excluded_lines": []}}}, "optimization/memory/forgetting.py": {"executed_lines": [1, 16, 17, 18, 19, 20, 21, 23, 26, 27, 28, 30, 31, 32, 33, 36, 37, 39, 40, 44, 45, 50, 51, 53, 54, 56, 64, 106, 107, 109, 114, 115, 117, 127, 176, 190, 204, 205, 207, 211, 213, 222, 268, 272, 277, 283, 284, 286, 295, 296, 297, 298, 299, 300, 302, 326], "summary": {"covered_lines": 49, "num_statements": 151, "percent_covered": 32.450331125827816, "percent_covered_display": "32", "missing_lines": 102, "excluded_lines": 0, "percent_statements_covered": 32.450331125827816, "percent_statements_covered_display": "32"}, "missing_lines": [42, 47, 58, 59, 61, 62, 70, 72, 73, 81, 86, 87, 90, 91, 93, 98, 124, 125, 134, 137, 138, 140, 141, 142, 144, 146, 147, 149, 152, 153, 160, 161, 162, 164, 169, 182, 183, 186, 187, 188, 196, 197, 199, 200, 201, 219, 220, 229, 232, 233, 234, 235, 236, 239, 242, 243, 246, 247, 248, 249, 250, 252, 254, 256, 261, 270, 274, 275, 279, 280, 304, 306, 307, 308, 310, 311, 315, 317, 318, 321, 324, 332, 334, 335, 343, 344, 345, 347, 348, 349, 351, 352, 356, 358, 359, 364, 366, 369, 371, 372, 374, 380], "excluded_lines": [], "functions": {"ForgetMechanism.should_evict": {"executed_lines": [], "summary": {"covered_lines": 0, "num_statements": 1, "percent_covered": 0.0, "percent_covered_display": "0", "missing_lines": 1, "excluded_lines": 0, "percent_statements_covered": 0.0, "percent_statements_covered_display": "0"}, "missing_lines": [42], "excluded_lines": []}, "ForgetMechanism.evict": {"executed_lines": [], "summary": {"covered_lines": 0, "num_statements": 1, "percent_covered": 0.0, "percent_covered_display": "0", "missing_lines": 1, "excluded_lines": 0, "percent_statements_covered": 0.0, "percent_statements_covered_display": "0"}, "missing_lines": [47], "excluded_lines": []}, "LRUEviction.__init__": {"executed_lines": [54], "summary": {"covered_lines": 1, "num_statements": 1, "percent_covered": 100.0, "percent_covered_display": "100", "missing_lines": 0, "excluded_lines": 0, "percent_statements_covered": 100.0, "percent_statements_covered_display": "100"}, "missing_lines": [], "excluded_lines": []}, "LRUEviction.should_evict": {"executed_lines": [], "summary": {"covered_lines": 0, "num_statements": 4, "percent_covered": 0.0, "percent_covered_display": "0", "missing_lines": 4, "excluded_lines": 0, "percent_statements_covered": 0.0, "percent_statements_covered_display": "0"}, "missing_lines": [58, 59, 61, 62], "excluded_lines": []}, "LRUEviction.evict": {"executed_lines": [], "summary": {"covered_lines": 0, "num_statements": 10, "percent_covered": 0.0, "percent_covered_display": "0", "missing_lines": 10, "excluded_lines": 0, "percent_statements_covered": 0.0, "percent_statements_covered_display": "0"}, "missing_lines": [70, 72, 73, 81, 86, 87, 90, 91, 93, 98], "excluded_lines": []}, "TemporalDecay.__init__": {"executed_lines": [114, 115], "summary": {"covered_lines": 2, "num_statements": 2, "percent_covered": 100.0, "percent_covered_display": "100", "missing_lines": 0, "excluded_lines": 0, "percent_statements_covered": 100.0, "percent_statements_covered_display": "100"}, "missing_lines": [], "excluded_lines": []}, "TemporalDecay.should_evict": {"executed_lines": [], "summary": {"covered_lines": 0, "num_statements": 2, "percent_covered": 0.0, "percent_covered_display": "0", "missing_lines": 2, "excluded_lines": 0, "percent_statements_covered": 0.0, "percent_statements_covered_display": "0"}, "missing_lines": [124, 125], "excluded_lines": []}, "TemporalDecay.evict": {"executed_lines": [], "summary": {"covered_lines": 0, "num_statements": 17, "percent_covered": 0.0, "percent_covered_display": "0", "missing_lines": 17, "excluded_lines": 0, "percent_statements_covered": 0.0, "percent_statements_covered_display": "0"}, "missing_lines": [134, 137, 138, 140, 141, 142, 144, 146, 147, 149, 152, 153, 160, 161, 162, 164, 169], "excluded_lines": []}, "TemporalDecay._decay_confidence": {"executed_lines": [], "summary": {"covered_lines": 0, "num_statements": 5, "percent_covered": 0.0, "percent_covered_display": "0", "missing_lines": 5, "excluded_lines": 0, "percent_statements_covered": 0.0, "percent_statements_covered_display": "0"}, "missing_lines": [182, 183, 186, 187, 188], "excluded_lines": []}, "TemporalDecay._decay_confidence_sync": {"executed_lines": [], "summary": {"covered_lines": 0, "num_statements": 5, "percent_covered": 0.0, "percent_covered_display": "0", "missing_lines": 5, "excluded_lines": 0, "percent_statements_covered": 0.0, "percent_statements_covered_display": "0"}, "missing_lines": [196, 197, 199, 200, 201], "excluded_lines": []}, "RelevancePruning.__init__": {"executed_lines": [211], "summary": {"covered_lines": 1, "num_statements": 1, "percent_covered": 100.0, "percent_covered_display": "100", "missing_lines": 0, "excluded_lines": 0, "percent_statements_covered": 100.0, "percent_statements_covered_display": "100"}, "missing_lines": [], "excluded_lines": []}, "RelevancePruning.should_evict": {"executed_lines": [], "summary": {"covered_lines": 0, "num_statements": 2, "percent_covered": 0.0, "percent_covered_display": "0", "missing_lines": 2, "excluded_lines": 0, "percent_statements_covered": 0.0, "percent_statements_covered_display": "0"}, "missing_lines": [219, 220], "excluded_lines": []}, "RelevancePruning.evict": {"executed_lines": [], "summary": {"covered_lines": 0, "num_statements": 18, "percent_covered": 0.0, "percent_covered_display": "0", "missing_lines": 18, "excluded_lines": 0, "percent_statements_covered": 0.0, "percent_statements_covered_display": "0"}, "missing_lines": [229, 232, 233, 234, 235, 236, 239, 242, 243, 246, 247, 248, 249, 250, 252, 254, 256, 261], "excluded_lines": []}, "RelevancePruning.update_relevance": {"executed_lines": [], "summary": {"covered_lines": 0, "num_statements": 1, "percent_covered": 0.0, "percent_covered_display": "0", "missing_lines": 1, "excluded_lines": 0, "percent_statements_covered": 0.0, "percent_statements_covered_display": "0"}, "missing_lines": [270], "excluded_lines": []}, "RelevancePruning.boost_relevance": {"executed_lines": [], "summary": {"covered_lines": 0, "num_statements": 2, "percent_covered": 0.0, "percent_covered_display": "0", "missing_lines": 2, "excluded_lines": 0, "percent_statements_covered": 0.0, "percent_statements_covered_display": "0"}, "missing_lines": [274, 275], "excluded_lines": []}, "RelevancePruning.decay_relevance": {"executed_lines": [], "summary": {"covered_lines": 0, "num_statements": 2, "percent_covered": 0.0, "percent_covered_display": "0", "missing_lines": 2, "excluded_lines": 0, "percent_statements_covered": 0.0, "percent_statements_covered_display": "0"}, "missing_lines": [279, 280], "excluded_lines": []}, "HybridForgetting.__init__": {"executed_lines": [295, 296, 297, 298, 299, 300], "summary": {"covered_lines": 6, "num_statements": 6, "percent_covered": 100.0, "percent_covered_display": "100", "missing_lines": 0, "excluded_lines": 0, "percent_statements_covered": 100.0, "percent_statements_covered_display": "100"}, "missing_lines": [], "excluded_lines": []}, "HybridForgetting.should_evict": {"executed_lines": [], "summary": {"covered_lines": 0, "num_statements": 11, "percent_covered": 0.0, "percent_covered_display": "0", "missing_lines": 11, "excluded_lines": 0, "percent_statements_covered": 0.0, "percent_statements_covered_display": "0"}, "missing_lines": [304, 306, 307, 308, 310, 311, 315, 317, 318, 321, 324], "excluded_lines": []}, "HybridForgetting.evict": {"executed_lines": [], "summary": {"covered_lines": 0, "num_statements": 21, "percent_covered": 0.0, "percent_covered_display": "0", "missing_lines": 21, "excluded_lines": 0, "percent_statements_covered": 0.0, "percent_statements_covered_display": "0"}, "missing_lines": [332, 334, 335, 343, 344, 345, 347, 348, 349, 351, 352, 356, 358, 359, 364, 366, 369, 371, 372, 374, 380], "excluded_lines": []}, "": {"executed_lines": [1, 16, 17, 18, 19, 20, 21, 23, 26, 27, 28, 30, 31, 32, 33, 36, 37, 39, 40, 44, 45, 50, 51, 53, 56, 64, 106, 107, 109, 117, 127, 176, 190, 204, 205, 207, 213, 222, 268, 272, 277, 283, 284, 286, 302, 326], "summary": {"covered_lines": 39, "num_statements": 39, "percent_covered": 100.0, "percent_covered_display": "100", "missing_lines": 0, "excluded_lines": 0, "percent_statements_covered": 100.0, "percent_statements_covered_display": "100"}, "missing_lines": [], "excluded_lines": []}}, "classes": {"EvictionResult": {"executed_lines": [], "summary": {"covered_lines": 0, "num_statements": 0, "percent_covered": 100.0, "percent_covered_display": "100", "missing_lines": 0, "excluded_lines": 0, "percent_statements_covered": 100.0, "percent_statements_covered_display": "100"}, "missing_lines": [], "excluded_lines": []}, "ForgetMechanism": {"executed_lines": [], "summary": {"covered_lines": 0, "num_statements": 2, "percent_covered": 0.0, "percent_covered_display": "0", "missing_lines": 2, "excluded_lines": 0, "percent_statements_covered": 0.0, "percent_statements_covered_display": "0"}, "missing_lines": [42, 47], "excluded_lines": []}, "LRUEviction": {"executed_lines": [54], "summary": {"covered_lines": 1, "num_statements": 15, "percent_covered": 6.666666666666667, "percent_covered_display": "7", "missing_lines": 14, "excluded_lines": 0, "percent_statements_covered": 6.666666666666667, "percent_statements_covered_display": "7"}, "missing_lines": [58, 59, 61, 62, 70, 72, 73, 81, 86, 87, 90, 91, 93, 98], "excluded_lines": []}, "TemporalDecay": {"executed_lines": [114, 115], "summary": {"covered_lines": 2, "num_statements": 31, "percent_covered": 6.451612903225806, "percent_covered_display": "6", "missing_lines": 29, "excluded_lines": 0, "percent_statements_covered": 6.451612903225806, "percent_statements_covered_display": "6"}, "missing_lines": [124, 125, 134, 137, 138, 140, 141, 142, 144, 146, 147, 149, 152, 153, 160, 161, 162, 164, 169, 182, 183, 186, 187, 188, 196, 197, 199, 200, 201], "excluded_lines": []}, "RelevancePruning": {"executed_lines": [211], "summary": {"covered_lines": 1, "num_statements": 26, "percent_covered": 3.8461538461538463, "percent_covered_display": "4", "missing_lines": 25, "excluded_lines": 0, "percent_statements_covered": 3.8461538461538463, "percent_statements_covered_display": "4"}, "missing_lines": [219, 220, 229, 232, 233, 234, 235, 236, 239, 242, 243, 246, 247, 248, 249, 250, 252, 254, 256, 261, 270, 274, 275, 279, 280], "excluded_lines": []}, "HybridForgetting": {"executed_lines": [295, 296, 297, 298, 299, 300], "summary": {"covered_lines": 6, "num_statements": 38, "percent_covered": 15.789473684210526, "percent_covered_display": "16", "missing_lines": 32, "excluded_lines": 0, "percent_statements_covered": 15.789473684210526, "percent_statements_covered_display": "16"}, "missing_lines": [304, 306, 307, 308, 310, 311, 315, 317, 318, 321, 324, 332, 334, 335, 343, 344, 345, 347, 348, 349, 351, 352, 356, 358, 359, 364, 366, 369, 371, 372, 374, 380], "excluded_lines": []}, "": {"executed_lines": [1, 16, 17, 18, 19, 20, 21, 23, 26, 27, 28, 30, 31, 32, 33, 36, 37, 39, 40, 44, 45, 50, 51, 53, 56, 64, 106, 107, 109, 117, 127, 176, 190, 204, 205, 207, 213, 222, 268, 272, 277, 283, 284, 286, 302, 326], "summary": {"covered_lines": 39, "num_statements": 39, "percent_covered": 100.0, "percent_covered_display": "100", "missing_lines": 0, "excluded_lines": 0, "percent_statements_covered": 100.0, "percent_statements_covered_display": "100"}, "missing_lines": [], "excluded_lines": []}}}, "optimization/memory/integration.py": {"executed_lines": [], "summary": {"covered_lines": 0, "num_statements": 2, "percent_covered": 0.0, "percent_covered_display": "0", "missing_lines": 2, "excluded_lines": 0, "percent_statements_covered": 0.0, "percent_statements_covered_display": "0"}, "missing_lines": [16, 24], "excluded_lines": [], "functions": {"": {"executed_lines": [], "summary": {"covered_lines": 0, "num_statements": 2, "percent_covered": 0.0, "percent_covered_display": "0", "missing_lines": 2, "excluded_lines": 0, "percent_statements_covered": 0.0, "percent_statements_covered_display": "0"}, "missing_lines": [16, 24], "excluded_lines": []}}, "classes": {"": {"executed_lines": [], "summary": {"covered_lines": 0, "num_statements": 2, "percent_covered": 0.0, "percent_covered_display": "0", "missing_lines": 2, "excluded_lines": 0, "percent_statements_covered": 0.0, "percent_statements_covered_display": "0"}, "missing_lines": [16, 24], "excluded_lines": []}}}, "optimization/memory/integration/__init__.py": {"executed_lines": [1, 10, 11, 12, 13, 14, 16], "summary": {"covered_lines": 6, "num_statements": 6, "percent_covered": 100.0, "percent_covered_display": "100", "missing_lines": 0, "excluded_lines": 0, "percent_statements_covered": 100.0, "percent_statements_covered_display": "100"}, "missing_lines": [], "excluded_lines": [], "functions": {"": {"executed_lines": [1, 10, 11, 12, 13, 14, 16], "summary": {"covered_lines": 6, "num_statements": 6, "percent_covered": 100.0, "percent_covered_display": "100", "missing_lines": 0, "excluded_lines": 0, "percent_statements_covered": 100.0, "percent_statements_covered_display": "100"}, "missing_lines": [], "excluded_lines": []}}, "classes": {"": {"executed_lines": [1, 10, 11, 12, 13, 14, 16], "summary": {"covered_lines": 6, "num_statements": 6, "percent_covered": 100.0, "percent_covered_display": "100", "missing_lines": 0, "excluded_lines": 0, "percent_statements_covered": 100.0, "percent_statements_covered_display": "100"}, "missing_lines": [], "excluded_lines": []}}}, "optimization/memory/integration/cleanup.py": {"executed_lines": [1, 7, 8, 9, 11, 12, 13, 14, 16, 19, 20, 22, 28, 29, 30, 32, 50, 78], "summary": {"covered_lines": 16, "num_statements": 46, "percent_covered": 34.78260869565217, "percent_covered_display": "35", "missing_lines": 30, "excluded_lines": 0, "percent_statements_covered": 34.78260869565217, "percent_statements_covered_display": "35"}, "missing_lines": [35, 36, 37, 38, 39, 42, 43, 44, 45, 46, 48, 52, 53, 56, 64, 65, 66, 67, 69, 71, 80, 81, 84, 86, 87, 89, 90, 91, 93, 95], "excluded_lines": [], "functions": {"MemoryCleanup.__init__": {"executed_lines": [28, 29, 30], "summary": {"covered_lines": 3, "num_statements": 3, "percent_covered": 100.0, "percent_covered_display": "100", "missing_lines": 0, "excluded_lines": 0, "percent_statements_covered": 100.0, "percent_statements_covered_display": "100"}, "missing_lines": [], "excluded_lines": []}, "MemoryCleanup.enforce_capacity": {"executed_lines": [], "summary": {"covered_lines": 0, "num_statements": 11, "percent_covered": 0.0, "percent_covered_display": "0", "missing_lines": 11, "excluded_lines": 0, "percent_statements_covered": 0.0, "percent_statements_covered_display": "0"}, "missing_lines": [35, 36, 37, 38, 39, 42, 43, 44, 45, 46, 48], "excluded_lines": []}, "MemoryCleanup._evict_episodic": {"executed_lines": [], "summary": {"covered_lines": 0, "num_statements": 9, "percent_covered": 0.0, "percent_covered_display": "0", "missing_lines": 9, "excluded_lines": 0, "percent_statements_covered": 0.0, "percent_statements_covered_display": "0"}, "missing_lines": [52, 53, 56, 64, 65, 66, 67, 69, 71], "excluded_lines": []}, "MemoryCleanup._evict_semantic": {"executed_lines": [], "summary": {"covered_lines": 0, "num_statements": 10, "percent_covered": 0.0, "percent_covered_display": "0", "missing_lines": 10, "excluded_lines": 0, "percent_statements_covered": 0.0, "percent_statements_covered_display": "0"}, "missing_lines": [80, 81, 84, 86, 87, 89, 90, 91, 93, 95], "excluded_lines": []}, "": {"executed_lines": [1, 7, 8, 9, 11, 12, 13, 14, 16, 19, 20, 22, 32, 50, 78], "summary": {"covered_lines": 13, "num_statements": 13, "percent_covered": 100.0, "percent_covered_display": "100", "missing_lines": 0, "excluded_lines": 0, "percent_statements_covered": 100.0, "percent_statements_covered_display": "100"}, "missing_lines": [], "excluded_lines": []}}, "classes": {"MemoryCleanup": {"executed_lines": [28, 29, 30], "summary": {"covered_lines": 3, "num_statements": 33, "percent_covered": 9.090909090909092, "percent_covered_display": "9", "missing_lines": 30, "excluded_lines": 0, "percent_statements_covered": 9.090909090909092, "percent_statements_covered_display": "9"}, "missing_lines": [35, 36, 37, 38, 39, 42, 43, 44, 45, 46, 48, 52, 53, 56, 64, 65, 66, 67, 69, 71, 80, 81, 84, 86, 87, 89, 90, 91, 93, 95], "excluded_lines": []}, "": {"executed_lines": [1, 7, 8, 9, 11, 12, 13, 14, 16, 19, 20, 22, 32, 50, 78], "summary": {"covered_lines": 13, "num_statements": 13, "percent_covered": 100.0, "percent_covered_display": "100", "missing_lines": 0, "excluded_lines": 0, "percent_statements_covered": 100.0, "percent_statements_covered_display": "100"}, "missing_lines": [], "excluded_lines": []}}}, "optimization/memory/integration/config.py": {"executed_lines": [1, 7, 9, 10, 11, 14, 15, 16, 18, 19, 20, 23, 24, 25], "summary": {"covered_lines": 12, "num_statements": 12, "percent_covered": 100.0, "percent_covered_display": "100", "missing_lines": 0, "excluded_lines": 0, "percent_statements_covered": 100.0, "percent_statements_covered_display": "100"}, "missing_lines": [], "excluded_lines": [], "functions": {"": {"executed_lines": [1, 7, 9, 10, 11, 14, 15, 16, 18, 19, 20, 23, 24, 25], "summary": {"covered_lines": 12, "num_statements": 12, "percent_covered": 100.0, "percent_covered_display": "100", "missing_lines": 0, "excluded_lines": 0, "percent_statements_covered": 100.0, "percent_statements_covered_display": "100"}, "missing_lines": [], "excluded_lines": []}}, "classes": {"MemoryConfig": {"executed_lines": [], "summary": {"covered_lines": 0, "num_statements": 0, "percent_covered": 100.0, "percent_covered_display": "100", "missing_lines": 0, "excluded_lines": 0, "percent_statements_covered": 100.0, "percent_statements_covered_display": "100"}, "missing_lines": [], "excluded_lines": []}, "": {"executed_lines": [1, 7, 9, 10, 11, 14, 15, 16, 18, 19, 20, 23, 24, 25], "summary": {"covered_lines": 12, "num_statements": 12, "percent_covered": 100.0, "percent_covered_display": "100", "missing_lines": 0, "excluded_lines": 0, "percent_statements_covered": 100.0, "percent_statements_covered_display": "100"}, "missing_lines": [], "excluded_lines": []}}}, "optimization/memory/integration/operations.py": {"executed_lines": [1, 7, 8, 10, 11, 12, 14, 17, 18, 20, 26, 27, 28, 31, 56, 62, 63, 66, 85, 104, 113, 127, 133, 139, 147, 165, 174, 181], "summary": {"covered_lines": 26, "num_statements": 62, "percent_covered": 41.935483870967744, "percent_covered_display": "42", "missing_lines": 36, "excluded_lines": 0, "percent_statements_covered": 41.935483870967744, "percent_statements_covered_display": "42"}, "missing_lines": [43, 53, 54, 75, 82, 83, 94, 101, 102, 110, 111, 120, 129, 130, 131, 135, 136, 137, 141, 142, 143, 144, 145, 155, 161, 162, 163, 171, 176, 177, 178, 179, 183, 184, 185, 186], "excluded_lines": [], "functions": {"MemoryOperations.__init__": {"executed_lines": [26, 27, 28], "summary": {"covered_lines": 3, "num_statements": 3, "percent_covered": 100.0, "percent_covered_display": "100", "missing_lines": 0, "excluded_lines": 0, "percent_statements_covered": 100.0, "percent_statements_covered_display": "100"}, "missing_lines": [], "excluded_lines": []}, "MemoryOperations.record_task": {"executed_lines": [], "summary": {"covered_lines": 0, "num_statements": 3, "percent_covered": 0.0, "percent_covered_display": "0", "missing_lines": 3, "excluded_lines": 0, "percent_statements_covered": 0.0, "percent_statements_covered_display": "0"}, "missing_lines": [43, 53, 54], "excluded_lines": []}, "MemoryOperations.recall_similar_tasks": {"executed_lines": [62, 63], "summary": {"covered_lines": 2, "num_statements": 2, "percent_covered": 100.0, "percent_covered_display": "100", "missing_lines": 0, "excluded_lines": 0, "percent_statements_covered": 100.0, "percent_statements_covered_display": "100"}, "missing_lines": [], "excluded_lines": []}, "MemoryOperations.assert_fact": {"executed_lines": [], "summary": {"covered_lines": 0, "num_statements": 3, "percent_covered": 0.0, "percent_covered_display": "0", "missing_lines": 3, "excluded_lines": 0, "percent_statements_covered": 0.0, "percent_statements_covered_display": "0"}, "missing_lines": [75, 82, 83], "excluded_lines": []}, "MemoryOperations.assert_relationship": {"executed_lines": [], "summary": {"covered_lines": 0, "num_statements": 3, "percent_covered": 0.0, "percent_covered_display": "0", "missing_lines": 3, "excluded_lines": 0, "percent_statements_covered": 0.0, "percent_statements_covered_display": "0"}, "missing_lines": [94, 101, 102], "excluded_lines": []}, "MemoryOperations.query_facts": {"executed_lines": [], "summary": {"covered_lines": 0, "num_statements": 2, "percent_covered": 0.0, "percent_covered_display": "0", "missing_lines": 2, "excluded_lines": 0, "percent_statements_covered": 0.0, "percent_statements_covered_display": "0"}, "missing_lines": [110, 111], "excluded_lines": []}, "MemoryOperations.find_related_entities": {"executed_lines": [], "summary": {"covered_lines": 0, "num_statements": 1, "percent_covered": 0.0, "percent_covered_display": "0", "missing_lines": 1, "excluded_lines": 0, "percent_statements_covered": 0.0, "percent_statements_covered_display": "0"}, "missing_lines": [120], "excluded_lines": []}, "MemoryOperations.create_context": {"executed_lines": [], "summary": {"covered_lines": 0, "num_statements": 3, "percent_covered": 0.0, "percent_covered_display": "0", "missing_lines": 3, "excluded_lines": 0, "percent_statements_covered": 0.0, "percent_statements_covered_display": "0"}, "missing_lines": [129, 130, 131], "excluded_lines": []}, "MemoryOperations.push_frame": {"executed_lines": [], "summary": {"covered_lines": 0, "num_statements": 3, "percent_covered": 0.0, "percent_covered_display": "0", "missing_lines": 3, "excluded_lines": 0, "percent_statements_covered": 0.0, "percent_statements_covered_display": "0"}, "missing_lines": [135, 136, 137], "excluded_lines": []}, "MemoryOperations.pop_frame": {"executed_lines": [], "summary": {"covered_lines": 0, "num_statements": 5, "percent_covered": 0.0, "percent_covered_display": "0", "missing_lines": 5, "excluded_lines": 0, "percent_statements_covered": 0.0, "percent_statements_covered_display": "0"}, "missing_lines": [141, 142, 143, 144, 145], "excluded_lines": []}, "MemoryOperations.bind_variable": {"executed_lines": [], "summary": {"covered_lines": 0, "num_statements": 4, "percent_covered": 0.0, "percent_covered_display": "0", "missing_lines": 4, "excluded_lines": 0, "percent_statements_covered": 0.0, "percent_statements_covered_display": "0"}, "missing_lines": [155, 161, 162, 163], "excluded_lines": []}, "MemoryOperations.get_variable": {"executed_lines": [], "summary": {"covered_lines": 0, "num_statements": 1, "percent_covered": 0.0, "percent_covered_display": "0", "missing_lines": 1, "excluded_lines": 0, "percent_statements_covered": 0.0, "percent_statements_covered_display": "0"}, "missing_lines": [171], "excluded_lines": []}, "MemoryOperations.cleanup_idle": {"executed_lines": [], "summary": {"covered_lines": 0, "num_statements": 4, "percent_covered": 0.0, "percent_covered_display": "0", "missing_lines": 4, "excluded_lines": 0, "percent_statements_covered": 0.0, "percent_statements_covered_display": "0"}, "missing_lines": [176, 177, 178, 179], "excluded_lines": []}, "MemoryOperations.decay_semantic_confidence": {"executed_lines": [], "summary": {"covered_lines": 0, "num_statements": 4, "percent_covered": 0.0, "percent_covered_display": "0", "missing_lines": 4, "excluded_lines": 0, "percent_statements_covered": 0.0, "percent_statements_covered_display": "0"}, "missing_lines": [183, 184, 185, 186], "excluded_lines": []}, "": {"executed_lines": [1, 7, 8, 10, 11, 12, 14, 17, 18, 20, 31, 56, 66, 85, 104, 113, 127, 133, 139, 147, 165, 174, 181], "summary": {"covered_lines": 21, "num_statements": 21, "percent_covered": 100.0, "percent_covered_display": "100", "missing_lines": 0, "excluded_lines": 0, "percent_statements_covered": 100.0, "percent_statements_covered_display": "100"}, "missing_lines": [], "excluded_lines": []}}, "classes": {"MemoryOperations": {"executed_lines": [26, 27, 28, 62, 63], "summary": {"covered_lines": 5, "num_statements": 41, "percent_covered": 12.195121951219512, "percent_covered_display": "12", "missing_lines": 36, "excluded_lines": 0, "percent_statements_covered": 12.195121951219512, "percent_statements_covered_display": "12"}, "missing_lines": [43, 53, 54, 75, 82, 83, 94, 101, 102, 110, 111, 120, 129, 130, 131, 135, 136, 137, 141, 142, 143, 144, 145, 155, 161, 162, 163, 171, 176, 177, 178, 179, 183, 184, 185, 186], "excluded_lines": []}, "": {"executed_lines": [1, 7, 8, 10, 11, 12, 14, 17, 18, 20, 31, 56, 66, 85, 104, 113, 127, 133, 139, 147, 165, 174, 181], "summary": {"covered_lines": 21, "num_statements": 21, "percent_covered": 100.0, "percent_covered_display": "100", "missing_lines": 0, "excluded_lines": 0, "percent_statements_covered": 100.0, "percent_statements_covered_display": "100"}, "missing_lines": [], "excluded_lines": []}}}, "optimization/memory/integration/stats.py": {"executed_lines": [1, 7, 8, 10, 13, 14, 15, 17, 18, 19, 20, 21, 22, 23], "summary": {"covered_lines": 12, "num_statements": 12, "percent_covered": 100.0, "percent_covered_display": "100", "missing_lines": 0, "excluded_lines": 0, "percent_statements_covered": 100.0, "percent_statement
[...]
4, 156, 162, 168, 184, 198, 220, 236, 237, 239, 245, 264, 275, 288, 299, 304, 305, 307, 317, 342, 368, 371], "summary": {"covered_lines": 66, "num_statements": 66, "percent_covered": 100.0, "percent_covered_display": "100", "missing_lines": 0, "excluded_lines": 0, "percent_statements_covered": 100.0, "percent_statements_covered_display": "100"}, "missing_lines": [], "excluded_lines": []}}, "classes": {"StreamEventType": {"executed_lines": [], "summary": {"covered_lines": 0, "num_statements": 0, "percent_covered": 100.0, "percent_covered_display": "100", "missing_lines": 0, "excluded_lines": 0, "percent_statements_covered": 100.0, "percent_statements_covered_display": "100"}, "missing_lines": [], "excluded_lines": []}, "StreamEvent": {"executed_lines": [], "summary": {"covered_lines": 0, "num_statements": 15, "percent_covered": 0.0, "percent_covered_display": "0", "missing_lines": 15, "excluded_lines": 0, "percent_statements_covered": 0.0, "percent_statements_covered_display": "0"}, "missing_lines": [60, 62, 63, 65, 67, 68, 71, 72, 74, 77, 78, 79, 82, 83, 87], "excluded_lines": []}, "StreamMetrics": {"executed_lines": [], "summary": {"covered_lines": 0, "num_statements": 7, "percent_covered": 0.0, "percent_covered_display": "0", "missing_lines": 7, "excluded_lines": 0, "percent_statements_covered": 0.0, "percent_statements_covered_display": "0"}, "missing_lines": [109, 110, 115, 116, 121, 122, 126], "excluded_lines": []}, "StreamHandler": {"executed_lines": [], "summary": {"covered_lines": 0, "num_statements": 3, "percent_covered": 0.0, "percent_covered_display": "0", "missing_lines": 3, "excluded_lines": 0, "percent_statements_covered": 0.0, "percent_statements_covered_display": "0"}, "missing_lines": [142, 146, 150], "excluded_lines": []}, "SSEStreamHandler": {"executed_lines": [157, 158, 159, 160], "summary": {"covered_lines": 4, "num_statements": 44, "percent_covered": 9.090909090909092, "percent_covered_display": "9", "missing_lines": 40, "excluded_lines": 0, "percent_statements_covered": 9.090909090909092, "percent_statements_covered_display": "9"}, "missing_lines": [164, 165, 166, 170, 171, 172, 173, 174, 175, 177, 178, 179, 186, 187, 188, 189, 190, 191, 192, 194, 195, 196, 200, 201, 202, 203, 207, 208, 210, 211, 215, 217, 218, 222, 223, 224, 225, 226, 232, 233], "excluded_lines": []}, "StreamingPipeline": {"executed_lines": [], "summary": {"covered_lines": 0, "num_statements": 32, "percent_covered": 0.0, "percent_covered_display": "0", "missing_lines": 32, "excluded_lines": 0, "percent_statements_covered": 0.0, "percent_statements_covered_display": "0"}, "missing_lines": [240, 241, 242, 243, 247, 248, 250, 251, 252, 254, 255, 257, 258, 259, 260, 261, 262, 266, 267, 269, 270, 271, 273, 281, 282, 284, 285, 286, 290, 291, 294, 301], "excluded_lines": []}, "StreamingOptimizer": {"executed_lines": [], "summary": {"covered_lines": 0, "num_statements": 27, "percent_covered": 0.0, "percent_covered_display": "0", "missing_lines": 27, "excluded_lines": 0, "percent_statements_covered": 0.0, "percent_statements_covered_display": "0"}, "missing_lines": [313, 314, 315, 322, 323, 325, 326, 329, 330, 331, 332, 333, 334, 335, 336, 339, 340, 344, 345, 347, 348, 350, 352, 354, 355, 357, 364], "excluded_lines": []}, "": {"executed_lines": [1, 26, 27, 28, 29, 30, 31, 32, 33, 34, 36, 39, 40, 41, 42, 43, 44, 45, 46, 49, 50, 51, 52, 53, 54, 55, 56, 58, 85, 95, 96, 97, 98, 99, 100, 101, 102, 103, 104, 106, 107, 112, 113, 118, 119, 124, 137, 138, 140, 144, 148, 153, 154, 156, 162, 168, 184, 198, 220, 236, 237, 239, 245, 264, 275, 288, 299, 304, 305, 307, 317, 342, 368, 371], "summary": {"covered_lines": 66, "num_statements": 69, "percent_covered": 95.65217391304348, "percent_covered_display": "96", "missing_lines": 3, "excluded_lines": 0, "percent_statements_covered": 95.65217391304348, "percent_statements_covered_display": "96"}, "missing_lines": [376, 377, 378], "excluded_lines": []}}}, "optimization/streaming_handlers.py": {"executed_lines": [1, 21, 22, 23, 24, 25, 26, 27, 29, 31, 34, 35, 36, 37, 38, 39, 40, 41, 44, 45, 46, 47, 48, 49, 50, 51, 52, 53, 56, 57, 58, 59, 60, 61, 62, 64, 68, 78, 79, 81, 95, 115, 140, 160, 187, 199, 217, 243, 259, 260, 262, 270, 295, 332, 333, 335, 343, 371, 392, 393, 395, 403, 431, 455, 456, 458, 466, 497, 524, 525, 527, 535, 559, 582, 606, 627], "summary": {"covered_lines": 66, "num_statements": 138, "percent_covered": 47.82608695652174, "percent_covered_display": "48", "missing_lines": 72, "excluded_lines": 0, "percent_statements_covered": 47.82608695652174, "percent_statements_covered_display": "48"}, "missing_lines": [65, 66, 70, 88, 89, 90, 91, 92, 93, 101, 102, 104, 112, 113, 126, 128, 137, 138, 146, 148, 155, 156, 173, 175, 185, 193, 197, 206, 214, 215, 228, 230, 240, 241, 249, 250, 268, 281, 286, 308, 321, 322, 324, 341, 356, 364, 384, 401, 416, 424, 446, 464, 477, 482, 490, 510, 515, 533, 546, 551, 574, 593, 598, 617, 618, 621, 622, 623, 624, 640, 641, 643], "excluded_lines": [], "functions": {"OptimizationMetric.__post_init__": {"executed_lines": [], "summary": {"covered_lines": 0, "num_statements": 2, "percent_covered": 0.0, "percent_covered_display": "0", "missing_lines": 2, "excluded_lines": 0, "percent_statements_covered": 0.0, "percent_statements_covered_display": "0"}, "missing_lines": [65, 66], "excluded_lines": []}, "OptimizationMetric.to_dict": {"executed_lines": [], "summary": {"covered_lines": 0, "num_statements": 1, "percent_covered": 0.0, "percent_covered_display": "0", "missing_lines": 1, "excluded_lines": 0, "percent_statements_covered": 0.0, "percent_statements_covered_display": "0"}, "missing_lines": [70], "excluded_lines": []}, "OptimizationStreamHandler.__init__": {"executed_lines": [], "summary": {"covered_lines": 0, "num_statements": 6, "percent_covered": 0.0, "percent_covered_display": "0", "missing_lines": 6, "excluded_lines": 0, "percent_statements_covered": 0.0, "percent_statements_covered_display": "0"}, "missing_lines": [88, 89, 90, 91, 92, 93], "excluded_lines": []}, "OptimizationStreamHandler.emit_phase_start": {"executed_lines": [], "summary": {"covered_lines": 0, "num_statements": 5, "percent_covered": 0.0, "percent_covered_display": "0", "missing_lines": 5, "excluded_lines": 0, "percent_statements_covered": 0.0, "percent_statements_covered_display": "0"}, "missing_lines": [101, 102, 104, 112, 113], "excluded_lines": []}, "OptimizationStreamHandler.emit_phase_complete": {"executed_lines": [], "summary": {"covered_lines": 0, "num_statements": 4, "percent_covered": 0.0, "percent_covered_display": "0", "missing_lines": 4, "excluded_lines": 0, "percent_statements_covered": 0.0, "percent_statements_covered_display": "0"}, "missing_lines": [126, 128, 137, 138], "excluded_lines": []}, "OptimizationStreamHandler.emit_metric": {"executed_lines": [], "summary": {"covered_lines": 0, "num_statements": 4, "percent_covered": 0.0, "percent_covered_display": "0", "missing_lines": 4, "excluded_lines": 0, "percent_statements_covered": 0.0, "percent_statements_covered_display": "0"}, "missing_lines": [146, 148, 155, 156], "excluded_lines": []}, "OptimizationStreamHandler.emit_progress": {"executed_lines": [], "summary": {"covered_lines": 0, "num_statements": 3, "percent_covered": 0.0, "percent_covered_display": "0", "missing_lines": 3, "excluded_lines": 0, "percent_statements_covered": 0.0, "percent_statements_covered_display": "0"}, "missing_lines": [173, 175, 185], "excluded_lines": []}, "OptimizationStreamHandler.emit_data": {"executed_lines": [], "summary": {"covered_lines": 0, "num_statements": 2, "percent_covered": 0.0, "percent_covered_display": "0", "missing_lines": 2, "excluded_lines": 0, "percent_statements_covered": 0.0, "percent_statements_covered_display": "0"}, "missing_lines": [193, 197], "excluded_lines": []}, "OptimizationStreamHandler.emit_error": {"executed_lines": [], "summary": {"covered_lines": 0, "num_statements": 3, "percent_covered": 0.0, "percent_covered_display": "0", "missing_lines": 3, "excluded_lines": 0, "percent_statements_covered": 0.0, "percent_statements_covered_display": "0"}, "missing_lines": [206, 214, 215], "excluded_lines": []}, "OptimizationStreamHandler.emit_completion": {"executed_lines": [], "summary": {"covered_lines": 0, "num_statements": 4, "percent_covered": 0.0, "percent_covered_display": "0", "missing_lines": 4, "excluded_lines": 0, "percent_statements_covered": 0.0, "percent_statements_covered_display": "0"}, "missing_lines": [228, 230, 240, 241], "excluded_lines": []}, "OptimizationStreamHandler.get_summary": {"executed_lines": [], "summary": {"covered_lines": 0, "num_statements": 2, "percent_covered": 0.0, "percent_covered_display": "0", "missing_lines": 2, "excluded_lines": 0, "percent_statements_covered": 0.0, "percent_statements_covered_display": "0"}, "missing_lines": [249, 250], "excluded_lines": []}, "PromptCacheStreamHandler.__init__": {"executed_lines": [], "summary": {"covered_lines": 0, "num_statements": 1, "percent_covered": 0.0, "percent_covered_display": "0", "missing_lines": 1, "excluded_lines": 0, "percent_statements_covered": 0.0, "percent_statements_covered_display": "0"}, "missing_lines": [268], "excluded_lines": []}, "PromptCacheStreamHandler.emit_cache_analysis": {"executed_lines": [], "summary": {"covered_lines": 0, "num_statements": 2, "percent_covered": 0.0, "percent_covered_display": "0", "missing_lines": 2, "excluded_lines": 0, "percent_statements_covered": 0.0, "percent_statements_covered_display": "0"}, "missing_lines": [281, 286], "excluded_lines": []}, "PromptCacheStreamHandler.emit_cache_hit": {"executed_lines": [], "summary": {"covered_lines": 0, "num_statements": 4, "percent_covered": 0.0, "percent_covered_display": "0", "missing_lines": 4, "excluded_lines": 0, "percent_statements_covered": 0.0, "percent_statements_covered_display": "0"}, "missing_lines": [308, 321, 322, 324], "excluded_lines": []}, "ModelRoutingStreamHandler.__init__": {"executed_lines": [], "summary": {"covered_lines": 0, "num_statements": 1, "percent_covered": 0.0, "percent_covered_display": "0", "missing_lines": 1, "excluded_lines": 0, "percent_statements_covered": 0.0, "percent_statements_covered_display": "0"}, "missing_lines": [341], "excluded_lines": []}, "ModelRoutingStreamHandler.emit_complexity_analysis": {"executed_lines": [], "summary": {"covered_lines": 0, "num_statements": 2, "percent_covered": 0.0, "percent_covered_display": "0", "missing_lines": 2, "excluded_lines": 0, "percent_statements_covered": 0.0, "percent_statements_covered_display": "0"}, "missing_lines": [356, 364], "excluded_lines": []}, "ModelRoutingStreamHandler.emit_routing_decision": {"executed_lines": [], "summary": {"covered_lines": 0, "num_statements": 1, "percent_covered": 0.0, "percent_covered_display": "0", "missing_lines": 1, "excluded_lines": 0, "percent_statements_covered": 0.0, "percent_statements_covered_display": "0"}, "missing_lines": [384], "excluded_lines": []}, "ReAcTreeStreamHandler.__init__": {"executed_lines": [], "summary": {"covered_lines": 0, "num_statements": 1, "percent_covered": 0.0, "percent_covered_display": "0", "missing_lines": 1, "excluded_lines": 0, "percent_statements_covered": 0.0, "percent_statements_covered_display": "0"}, "missing_lines": [401], "excluded_lines": []}, "ReAcTreeStreamHandler.emit_tree_exploration": {"executed_lines": [], "summary": {"covered_lines": 0, "num_statements": 2, "percent_covered": 0.0, "percent_covered_display": "0", "missing_lines": 2, "excluded_lines": 0, "percent_statements_covered": 0.0, "percent_statements_covered_display": "0"}, "missing_lines": [416, 424], "excluded_lines": []}, "ReAcTreeStreamHandler.emit_action_execution": {"executed_lines": [], "summary": {"covered_lines": 0, "num_statements": 1, "percent_covered": 0.0, "percent_covered_display": "0", "missing_lines": 1, "excluded_lines": 0, "percent_statements_covered": 0.0, "percent_statements_covered_display": "0"}, "missing_lines": [446], "excluded_lines": []}, "ContextCompressionStreamHandler.__init__": {"executed_lines": [], "summary": {"covered_lines": 0, "num_statements": 1, "percent_covered": 0.0, "percent_covered_display": "0", "missing_lines": 1, "excluded_lines": 0, "percent_statements_covered": 0.0, "percent_statements_covered_display": "0"}, "missing_lines": [464], "excluded_lines": []}, "ContextCompressionStreamHandler.emit_compression_analysis": {"executed_lines": [], "summary": {"covered_lines": 0, "num_statements": 3, "percent_covered": 0.0, "percent_covered_display": "0", "missing_lines": 3, "excluded_lines": 0, "percent_statements_covered": 0.0, "percent_statements_covered_display": "0"}, "missing_lines": [477, 482, 490], "excluded_lines": []}, "ContextCompressionStreamHandler.emit_chunk_compression": {"executed_lines": [], "summary": {"covered_lines": 0, "num_statements": 2, "percent_covered": 0.0, "percent_covered_display": "0", "missing_lines": 2, "excluded_lines": 0, "percent_statements_covered": 0.0, "percent_statements_covered_display": "0"}, "missing_lines": [510, 515], "excluded_lines": []}, "ParallelExecutionStreamHandler.__init__": {"executed_lines": [], "summary": {"covered_lines": 0, "num_statements": 1, "percent_covered": 0.0, "percent_covered_display": "0", "missing_lines": 1, "excluded_lines": 0, "percent_statements_covered": 0.0, "percent_statements_covered_display": "0"}, "missing_lines": [533], "excluded_lines": []}, "ParallelExecutionStreamHandler.emit_parallelization": {"executed_lines": [], "summary": {"covered_lines": 0, "num_statements": 2, "percent_covered": 0.0, "percent_covered_display": "0", "missing_lines": 2, "excluded_lines": 0, "percent_statements_covered": 0.0, "percent_statements_covered_display": "0"}, "missing_lines": [546, 551], "excluded_lines": []}, "ParallelExecutionStreamHandler.emit_task_execution": {"executed_lines": [], "summary": {"covered_lines": 0, "num_statements": 1, "percent_covered": 0.0, "percent_covered_display": "0", "missing_lines": 1, "excluded_lines": 0, "percent_statements_covered": 0.0, "percent_statements_covered_display": "0"}, "missing_lines": [574], "excluded_lines": []}, "ParallelExecutionStreamHandler.emit_concurrency_status": {"executed_lines": [], "summary": {"covered_lines": 0, "num_statements": 2, "percent_covered": 0.0, "percent_covered_display": "0", "missing_lines": 2, "excluded_lines": 0, "percent_statements_covered": 0.0, "percent_statements_covered_display": "0"}, "missing_lines": [593, 598], "excluded_lines": []}, "create_optimization_stream": {"executed_lines": [], "summary": {"covered_lines": 0, "num_statements": 6, "percent_covered": 0.0, "percent_covered_display": "0", "missing_lines": 6, "excluded_lines": 0, "percent_statements_covered": 0.0, "percent_statements_covered_display": "0"}, "missing_lines": [617, 618, 621, 622, 623, 624], "excluded_lines": []}, "get_optimization_handler": {"executed_lines": [], "summary": {"covered_lines": 0, "num_statements": 3, "percent_covered": 0.0, "percent_covered_display": "0", "missing_lines": 3, "excluded_lines": 0, "percent_statements_covered": 0.0, "percent_statements_covered_display": "0"}, "missing_lines": [640, 641, 643], "excluded_lines": []}, "": {"executed_lines": [1, 21, 22, 23, 24, 25, 26, 27, 29, 31, 34, 35, 36, 37, 38, 39, 40, 41, 44, 45, 46, 47, 48, 49, 50, 51, 52, 53, 56, 57, 58, 59, 60, 61, 62, 64, 68, 78, 79, 81, 95, 115, 140, 160, 187, 199, 217, 243, 259, 260, 262, 270, 295, 332, 333, 335, 343, 371, 392, 393, 395, 403, 431, 455, 456, 458, 466, 497, 524, 525, 527, 535, 559, 582, 606, 627], "summary": {"covered_lines": 66, "num_statements": 66, "percent_covered": 100.0, "percent_covered_display": "100", "missing_lines": 0, "excluded_lines": 0, "percent_statements_covered": 100.0, "percent_statements_covered_display": "100"}, "missing_lines": [], "excluded_lines": []}}, "classes": {"OptimizationPhase": {"executed_lines": [], "summary": {"covered_lines": 0, "num_statements": 0, "percent_covered": 100.0, "percent_covered_display": "100", "missing_lines": 0, "excluded_lines": 0, "percent_statements_covered": 100.0, "percent_statements_covered_display": "100"}, "missing_lines": [], "excluded_lines": []}, "OptimizationMetricType": {"executed_lines": [], "summary": {"covered_lines": 0, "num_statements": 0, "percent_covered": 100.0, "percent_covered_display": "100", "missing_lines": 0, "excluded_lines": 0, "percent_statements_covered": 100.0, "percent_statements_covered_display": "100"}, "missing_lines": [], "excluded_lines": []}, "OptimizationMetric": {"executed_lines": [], "summary": {"covered_lines": 0, "num_statements": 3, "percent_covered": 0.0, "percent_covered_display": "0", "missing_lines": 3, "excluded_lines": 0, "percent_statements_covered": 0.0, "percent_statements_covered_display": "0"}, "missing_lines": [65, 66, 70], "excluded_lines": []}, "OptimizationStreamHandler": {"executed_lines": [], "summary": {"covered_lines": 0, "num_statements": 33, "percent_covered": 0.0, "percent_covered_display": "0", "missing_lines": 33, "excluded_lines": 0, "percent_statements_covered": 0.0, "percent_statements_covered_display": "0"}, "missing_lines": [88, 89, 90, 91, 92, 93, 101, 102, 104, 112, 113, 126, 128, 137, 138, 146, 148, 155, 156, 173, 175, 185, 193, 197, 206, 214, 215, 228, 230, 240, 241, 249, 250], "excluded_lines": []}, "PromptCacheStreamHandler": {"executed_lines": [], "summary": {"covered_lines": 0, "num_statements": 7, "percent_covered": 0.0, "percent_covered_display": "0", "missing_lines": 7, "excluded_lines": 0, "percent_statements_covered": 0.0, "percent_statements_covered_display": "0"}, "missing_lines": [268, 281, 286, 308, 321, 322, 324], "excluded_lines": []}, "ModelRoutingStreamHandler": {"executed_lines": [], "summary": {"covered_lines": 0, "num_statements": 4, "percent_covered": 0.0, "percent_covered_display": "0", "missing_lines": 4, "excluded_lines": 0, "percent_statements_covered": 0.0, "percent_statements_covered_display": "0"}, "missing_lines": [341, 356, 364, 384], "excluded_lines": []}, "ReAcTreeStreamHandler": {"executed_lines": [], "summary": {"covered_lines": 0, "num_statements": 4, "percent_covered": 0.0, "percent_covered_display": "0", "missing_lines": 4, "excluded_lines": 0, "percent_statements_covered": 0.0, "percent_statements_covered_display": "0"}, "missing_lines": [401, 416, 424, 446], "excluded_lines": []}, "ContextCompressionStreamHandler": {"executed_lines": [], "summary": {"covered_lines": 0, "num_statements": 6, "percent_covered": 0.0, "percent_covered_display": "0", "missing_lines": 6, "excluded_lines": 0, "percent_statements_covered": 0.0, "percent_statements_covered_display": "0"}, "missing_lines": [464, 477, 482, 490, 510, 515], "excluded_lines": []}, "ParallelExecutionStreamHandler": {"executed_lines": [], "summary": {"covered_lines": 0, "num_statements": 6, "percent_covered": 0.0, "percent_covered_display": "0", "missing_lines": 6, "excluded_lines": 0, "percent_statements_covered": 0.0, "percent_statements_covered_display": "0"}, "missing_lines": [533, 546, 551, 574, 593, 598], "excluded_lines": []}, "": {"executed_lines": [1, 21, 22, 23, 24, 25, 26, 27, 29, 31, 34, 35, 36, 37, 38, 39, 40, 41, 44, 45, 46, 47, 48, 49, 50, 51, 52, 53, 56, 57, 58, 59, 60, 61, 62, 64, 68, 78, 79, 81, 95, 115, 140, 160, 187, 199, 217, 243, 259, 260, 262, 270, 295, 332, 333, 335, 343, 371, 392, 393, 395, 403, 431, 455, 456, 458, 466, 497, 524, 525, 527, 535, 559, 582, 606, 627], "summary": {"covered_lines": 66, "num_statements": 75, "percent_covered": 88.0, "percent_covered_display": "88", "missing_lines": 9, "excluded_lines": 0, "percent_statements_covered": 88.0, "percent_statements_covered_display": "88"}, "missing_lines": [617, 618, 621, 622, 623, 624, 640, 641, 643], "excluded_lines": []}}}}, "totals": {"covered_lines": 1987, "num_statements": 3031, "percent_covered": 65.55592213790828, "percent_covered_display": "66", "missing_lines": 1044, "excluded_lines": 2, "percent_statements_covered": 65.55592213790828, "percent_statements_covered_display": "66"}}